mode: atomic
stcontrol/cmd/agent/main.go:101.3,102.16 2 0
stcontrol/cmd/agent/main.go:102.16,104.4 1 0
stcontrol/cmd/agent/main.go:106.2,106.22 1 2
stcontrol/cmd/agent/main.go:106.22,107.59 1 1
stcontrol/cmd/agent/main.go:107.59,109.4 1 0
stcontrol/cmd/agent/main.go:110.3,111.9 2 1
stcontrol/cmd/agent/main.go:114.2,114.43 1 1
stcontrol/cmd/agent/main.go:114.43,116.3 1 0
stcontrol/cmd/agent/main.go:117.2,117.57 1 1
stcontrol/cmd/agent/main.go:117.57,119.3 1 0
stcontrol/cmd/agent/main.go:120.2,120.59 1 1
stcontrol/cmd/agent/main.go:120.59,122.3 1 0
stcontrol/cmd/agent/main.go:126.2,127.16 2 1
stcontrol/cmd/agent/main.go:127.16,129.3 1 0
stcontrol/cmd/agent/main.go:132.2,137.12 3 1
stcontrol/cmd/agent/main.go:137.12,142.3 4 1
stcontrol/cmd/agent/main.go:144.2,145.27 2 1
stcontrol/cmd/agent/main.go:145.27,147.3 1 0
stcontrol/cmd/agent/main.go:147.8,149.3 1 1
stcontrol/cmd/agent/main.go:150.2,150.47 1 1
stcontrol/cmd/agent/main.go:150.47,152.3 1 0
stcontrol/cmd/agent/main.go:18.13,35.51 16 3
stcontrol/cmd/agent/main.go:35.51,37.3 1 0
stcontrol/cmd/agent/main.go:38.2,40.23 2 3
stcontrol/cmd/agent/main.go:40.23,42.3 1 0
stcontrol/cmd/agent/main.go:43.17,45.3 1 0
stcontrol/cmd/agent/main.go:43.2,43.17 1 3
stcontrol/cmd/agent/main.go:46.2,46.22 1 3
stcontrol/cmd/agent/main.go:46.22,48.3 1 0
stcontrol/cmd/agent/main.go:49.17,51.24 2 1
stcontrol/cmd/agent/main.go:49.2,49.17 1 3
stcontrol/cmd/agent/main.go:51.24,54.18 3 1
stcontrol/cmd/agent/main.go:54.18,56.5 1 0
stcontrol/cmd/agent/main.go:58.3,62.17 2 1
stcontrol/cmd/agent/main.go:62.17,64.4 1 0
stcontrol/cmd/agent/main.go:65.3,67.48 3 1
stcontrol/cmd/agent/main.go:67.48,69.4 1 0
stcontrol/cmd/agent/main.go:70.3,70.9 1 1
stcontrol/cmd/agent/main.go:73.2,74.16 2 2
stcontrol/cmd/agent/main.go:74.16,76.3 1 0
stcontrol/cmd/agent/main.go:78.2,82.18 3 2
stcontrol/cmd/agent/main.go:82.18,83.51 1 0
stcontrol/cmd/agent/main.go:83.51,85.4 1 0
stcontrol/cmd/agent/main.go:86.3,86.30 1 0
stcontrol/cmd/agent/main.go:86.30,88.4 1 0
stcontrol/cmd/agent/main.go:89.3,89.61 1 0
stcontrol/cmd/agent/main.go:89.61,91.4 1 0
stcontrol/cmd/agent/main.go:93.3,93.52 1 0
stcontrol/cmd/agent/main.go:93.52,95.4 1 0
stcontrol/cmd/agent/main.go:96.28,97.60 1 0
stcontrol/cmd/agent/main.go:96.3,96.28 1 0
stcontrol/cmd/agent/main.go:97.60,99.5 1 0
stcontrol/cmd/agent/netutil.go:11.2,11.31 1 1
stcontrol/cmd/agent/netutil.go:11.31,12.71 1 2
stcontrol/cmd/agent/netutil.go:12.71,13.12 1 1
stcontrol/cmd/agent/netutil.go:15.3,16.17 2 1
stcontrol/cmd/agent/netutil.go:16.17,17.12 1 0
stcontrol/cmd/agent/netutil.go:19.3,19.30 1 1
stcontrol/cmd/agent/netutil.go:19.30,21.28 2 1
stcontrol/cmd/agent/netutil.go:22.20,23.14 1 1
stcontrol/cmd/agent/netutil.go:24.21,25.14 1 0
stcontrol/cmd/agent/netutil.go:27.36,28.13 1 0
stcontrol/cmd/agent/netutil.go:27.4,27.36 1 1
stcontrol/cmd/agent/netutil.go:30.35,32.5 1 1
stcontrol/cmd/agent/netutil.go:30.4,30.35 1 1
stcontrol/cmd/agent/netutil.go:35.2,35.20 1 0
stcontrol/cmd/agent/netutil.go:6.25,8.16 2 1
stcontrol/cmd/agent/netutil.go:8.16,10.3 1 0
stcontrol/cmd/controller/main.go:100.73,103.4 2 0
stcontrol/cmd/controller/main.go:105.2,106.16 2 1
stcontrol/cmd/controller/main.go:106.16,108.3 1 0
stcontrol/cmd/controller/main.go:109.15,111.34 2 1
stcontrol/cmd/controller/main.go:109.2,109.15 1 1
stcontrol/cmd/controller/main.go:111.34,113.4 1 0
stcontrol/cmd/controller/main.go:114.3,115.17 2 1
stcontrol/cmd/controller/main.go:115.17,117.4 1 0
stcontrol/cmd/controller/main.go:118.3,119.17 2 1
stcontrol/cmd/controller/main.go:119.17,121.4 1 0
stcontrol/cmd/controller/main.go:122.14,124.4 1 1
stcontrol/cmd/controller/main.go:122.3,122.14 1 1
stcontrol/cmd/controller/main.go:124.9,126.4 1 0
stcontrol/cmd/controller/main.go:129.2,132.63 4 1
stcontrol/cmd/controller/main.go:132.63,134.3 1 0
stcontrol/cmd/controller/main.go:141.77,143.68 2 1
stcontrol/cmd/controller/main.go:143.68,145.3 1 0
stcontrol/cmd/controller/main.go:146.2,147.25 2 1
stcontrol/cmd/controller/main.go:147.25,149.3 1 0
stcontrol/cmd/controller/main.go:150.2,151.16 2 1
stcontrol/cmd/controller/main.go:151.16,153.3 1 0
stcontrol/cmd/controller/main.go:154.2,154.29 1 1
stcontrol/cmd/controller/main.go:161.82,162.25 1 13
stcontrol/cmd/controller/main.go:162.25,164.3 1 1
stcontrol/cmd/controller/main.go:165.2,166.16 2 12
stcontrol/cmd/controller/main.go:166.16,168.3 1 1
stcontrol/cmd/controller/main.go:169.2,171.36 3 11
stcontrol/cmd/controller/main.go:171.36,173.3 1 1
stcontrol/cmd/controller/main.go:174.2,175.16 2 10
stcontrol/cmd/controller/main.go:175.16,177.3 1 0
stcontrol/cmd/controller/main.go:178.2,181.6 4 10
stcontrol/cmd/controller/main.go:181.6,183.20 2 14
stcontrol/cmd/controller/main.go:183.20,184.9 1 2
stcontrol/cmd/controller/main.go:186.17,188.4 1 1
stcontrol/cmd/controller/main.go:186.3,186.17 1 12
stcontrol/cmd/controller/main.go:189.3,189.82 1 11
stcontrol/cmd/controller/main.go:189.82,190.12 1 4
stcontrol/cmd/controller/main.go:192.3,192.46 1 7
stcontrol/cmd/controller/main.go:192.46,194.4 1 2
stcontrol/cmd/controller/main.go:195.3,196.52 2 5
stcontrol/cmd/controller/main.go:196.52,198.4 1 0
stcontrol/cmd/controller/main.go:199.3,200.8 2 5
stcontrol/cmd/controller/main.go:202.18,204.3 1 2
stcontrol/cmd/controller/main.go:202.2,202.18 1 7
stcontrol/cmd/controller/main.go:205.2,206.16 2 5
stcontrol/cmd/controller/main.go:206.16,208.3 1 1
stcontrol/cmd/controller/main.go:209.2,210.16 2 4
stcontrol/cmd/controller/main.go:210.16,212.3 1 2
stcontrol/cmd/controller/main.go:213.2,213.58 1 2
stcontrol/cmd/controller/main.go:24.13,32.51 7 2
stcontrol/cmd/controller/main.go:32.51,34.3 1 0
stcontrol/cmd/controller/main.go:35.2,35.23 1 2
stcontrol/cmd/controller/main.go:35.23,38.3 2 1
stcontrol/cmd/controller/main.go:39.2,39.62 1 1
stcontrol/cmd/controller/main.go:39.62,41.3 1 0
stcontrol/cmd/controller/main.go:42.2,42.64 1 1
stcontrol/cmd/controller/main.go:42.64,44.3 1 0
stcontrol/cmd/controller/main.go:47.2,48.18 2 1
stcontrol/cmd/controller/main.go:48.18,50.3 1 0
stcontrol/cmd/controller/main.go:51.2,52.16 2 1
stcontrol/cmd/controller/main.go:52.16,54.3 1 0
stcontrol/cmd/controller/main.go:56.2,60.16 4 1
stcontrol/cmd/controller/main.go:60.16,62.3 1 0
stcontrol/cmd/controller/main.go:63.2,66.6 3 1
stcontrol/cmd/controller/main.go:66.6,68.17 2 1
stcontrol/cmd/controller/main.go:68.17,70.4 1 0
stcontrol/cmd/controller/main.go:71.15,73.9 2 1
stcontrol/cmd/controller/main.go:71.3,71.15 1 1
stcontrol/cmd/controller/main.go:75.16,77.4 1 0
stcontrol/cmd/controller/main.go:75.3,75.16 1 0
stcontrol/cmd/controller/main.go:78.3,79.10 2 0
stcontrol/cmd/controller/main.go:80.21,81.10 1 0
stcontrol/cmd/controller/main.go:82.38,82.38 0 0
stcontrol/cmd/controller/main.go:85.2,87.14 3 1
stcontrol/cmd/controller/main.go:87.14,89.3 1 0
stcontrol/cmd/controller/main.go:89.21,91.3 1 0
stcontrol/cmd/controller/main.go:89.8,89.21 1 1
stcontrol/cmd/controller/main.go:92.2,93.16 2 1
stcontrol/cmd/controller/main.go:93.16,95.3 1 0
stcontrol/cmd/controller/main.go:96.2,99.12 4 1
stcontrol/cmd/controller/main.go:99.12,100.73 1 1
stcontrol/internal/agent/activity_leases.go:105.16,107.3 1 1
stcontrol/internal/agent/activity_leases.go:108.2,109.76 1 2
stcontrol/internal/agent/activity_leases.go:109.76,111.3 1 0
stcontrol/internal/agent/activity_leases.go:112.2,114.61 3 2
stcontrol/internal/agent/activity_leases.go:114.61,116.3 1 0
stcontrol/internal/agent/activity_leases.go:117.2,118.35 2 2
stcontrol/internal/agent/activity_leases.go:17.75,18.28 1 145
stcontrol/internal/agent/activity_leases.go:18.28,19.97 1 136
stcontrol/internal/agent/activity_leases.go:19.97,21.4 1 0
stcontrol/internal/agent/activity_leases.go:22.3,22.13 1 136
stcontrol/internal/agent/activity_leases.go:24.2,25.101 1 9
stcontrol/internal/agent/activity_leases.go:25.101,27.3 1 0
stcontrol/internal/agent/activity_leases.go:28.2,29.37 2 9
stcontrol/internal/agent/activity_leases.go:29.37,32.86 1 9
stcontrol/internal/agent/activity_leases.go:32.86,34.4 1 2
stcontrol/internal/agent/activity_leases.go:35.3,35.53 1 7
stcontrol/internal/agent/activity_leases.go:35.53,37.4 1 1
stcontrol/internal/agent/activity_leases.go:38.3,38.41 1 6
stcontrol/internal/agent/activity_leases.go:40.2,40.12 1 6
stcontrol/internal/agent/activity_leases.go:43.108,44.44 1 6
stcontrol/internal/agent/activity_leases.go:44.44,45.52 1 2
stcontrol/internal/agent/activity_leases.go:45.52,47.4 1 0
stcontrol/internal/agent/activity_leases.go:48.3,48.13 1 2
stcontrol/internal/agent/activity_leases.go:50.18,52.3 1 0
stcontrol/internal/agent/activity_leases.go:50.2,50.18 1 4
stcontrol/internal/agent/activity_leases.go:53.2,58.74 2 4
stcontrol/internal/agent/activity_leases.go:58.74,60.3 1 0
stcontrol/internal/agent/activity_leases.go:61.2,61.63 1 4
stcontrol/internal/agent/activity_leases.go:61.63,63.3 1 0
stcontrol/internal/agent/activity_leases.go:64.2,65.45 2 4
stcontrol/internal/agent/activity_leases.go:65.45,67.3 1 1
stcontrol/internal/agent/activity_leases.go:68.2,68.46 1 3
stcontrol/internal/agent/activity_leases.go:68.46,69.117 1 1
stcontrol/internal/agent/activity_leases.go:69.117,71.4 1 1
stcontrol/internal/agent/activity_leases.go:72.3,72.13 1 0
stcontrol/internal/agent/activity_leases.go:74.2,75.12 2 2
stcontrol/internal/agent/activity_leases.go:81.69,86.77 5 5
stcontrol/internal/agent/activity_leases.go:86.77,88.3 1 2
stcontrol/internal/agent/activity_leases.go:89.2,89.29 1 3
stcontrol/internal/agent/activity_leases.go:89.29,91.62 2 0
stcontrol/internal/agent/activity_leases.go:91.62,93.4 1 0
stcontrol/internal/agent/activity_leases.go:94.3,96.13 3 0
stcontrol/internal/agent/activity_leases.go:98.2,105.16 3 3
stcontrol/internal/agent/activity_ownership.go:101.62,103.3 1 0
stcontrol/internal/agent/activity_ownership.go:104.2,104.19 1 9
stcontrol/internal/agent/activity_ownership.go:107.68,113.2 3 45
stcontrol/internal/agent/activity_ownership.go:115.73,119.52 1 36
stcontrol/internal/agent/activity_ownership.go:119.52,121.3 1 0
stcontrol/internal/agent/activity_ownership.go:122.2,122.20 1 36
stcontrol/internal/agent/activity_ownership.go:123.26,124.90 1 25
stcontrol/internal/agent/activity_ownership.go:124.90,126.4 1 0
stcontrol/internal/agent/activity_ownership.go:127.33,129.34 1 11
stcontrol/internal/agent/activity_ownership.go:129.34,131.4 1 0
stcontrol/internal/agent/activity_ownership.go:132.10,133.55 1 0
stcontrol/internal/agent/activity_ownership.go:135.2,135.12 1 36
stcontrol/internal/agent/activity_ownership.go:138.46,141.2 2 13
stcontrol/internal/agent/activity_ownership.go:143.71,149.30 2 8
stcontrol/internal/agent/activity_ownership.go:149.30,150.24 1 24
stcontrol/internal/agent/activity_ownership.go:150.24,152.4 1 0
stcontrol/internal/agent/activity_ownership.go:153.24,155.4 1 2
stcontrol/internal/agent/activity_ownership.go:153.3,153.24 1 24
stcontrol/internal/agent/activity_ownership.go:157.2,157.35 1 6
stcontrol/internal/agent/activity_ownership.go:157.35,159.3 1 5
stcontrol/internal/agent/activity_ownership.go:162.2,162.10 1 1
stcontrol/internal/agent/activity_ownership.go:169.9,174.16 2 1
stcontrol/internal/agent/activity_ownership.go:174.16,176.3 1 0
stcontrol/internal/agent/activity_ownership.go:177.2,177.71 1 1
stcontrol/internal/agent/activity_ownership.go:177.71,179.3 1 0
stcontrol/internal/agent/activity_ownership.go:183.2,186.12 4 1
stcontrol/internal/agent/activity_ownership.go:189.109,190.62 1 15
stcontrol/internal/agent/activity_ownership.go:190.62,192.3 1 0
stcontrol/internal/agent/activity_ownership.go:193.2,195.38 3 15
stcontrol/internal/agent/activity_ownership.go:195.38,197.3 1 0
stcontrol/internal/agent/activity_ownership.go:198.2,199.12 2 15
stcontrol/internal/agent/activity_ownership.go:199.12,200.39 1 8
stcontrol/internal/agent/activity_ownership.go:200.39,202.4 1 6
stcontrol/internal/agent/activity_ownership.go:203.3,203.62 1 2
stcontrol/internal/agent/activity_ownership.go:203.62,205.4 1 0
stcontrol/internal/agent/activity_ownership.go:206.3,207.41 2 2
stcontrol/internal/agent/activity_ownership.go:207.41,209.4 1 0
stcontrol/internal/agent/activity_ownership.go:210.26,212.3 1 0
stcontrol/internal/agent/activity_ownership.go:210.8,210.26 1 7
stcontrol/internal/agent/activity_ownership.go:213.2,214.41 2 9
stcontrol/internal/agent/activity_ownership.go:217.88,222.2 4 20
stcontrol/internal/agent/activity_ownership.go:224.82,226.9 2 6
stcontrol/internal/agent/activity_ownership.go:226.9,228.3 1 0
stcontrol/internal/agent/activity_ownership.go:229.2,230.67 2 6
stcontrol/internal/agent/activity_ownership.go:230.67,233.3 2 0
stcontrol/internal/agent/activity_ownership.go:234.2,239.11 3 6
stcontrol/internal/agent/activity_ownership.go:239.11,241.3 1 6
stcontrol/internal/agent/activity_ownership.go:242.2,242.73 1 6
stcontrol/internal/agent/activity_ownership.go:245.84,247.9 2 3
stcontrol/internal/agent/activity_ownership.go:247.9,249.3 1 1
stcontrol/internal/agent/activity_ownership.go:250.2,251.87 1 2
stcontrol/internal/agent/activity_ownership.go:251.87,254.3 2 0
stcontrol/internal/agent/activity_ownership.go:255.2,257.16 3 2
stcontrol/internal/agent/activity_ownership.go:257.16,260.3 2 0
stcontrol/internal/agent/activity_ownership.go:261.2,266.11 3 2
stcontrol/internal/agent/activity_ownership.go:266.11,268.3 1 2
stcontrol/internal/agent/activity_ownership.go:269.2,269.75 1 2
stcontrol/internal/agent/activity_ownership.go:275.39,280.70 3 9
stcontrol/internal/agent/activity_ownership.go:280.70,283.3 2 0
stcontrol/internal/agent/activity_ownership.go:284.2,288.80 3 9
stcontrol/internal/agent/activity_ownership.go:288.80,291.3 2 1
stcontrol/internal/agent/activity_ownership.go:292.2,297.100 5 8
stcontrol/internal/agent/activity_ownership.go:297.100,300.3 2 0
stcontrol/internal/agent/activity_ownership.go:301.2,301.39 1 8
stcontrol/internal/agent/activity_ownership.go:309.3,311.16 2 8
stcontrol/internal/agent/activity_ownership.go:311.16,314.3 2 0
stcontrol/internal/agent/activity_ownership.go:315.2,323.22 6 8
stcontrol/internal/agent/activity_ownership.go:326.65,327.29 1 6
stcontrol/internal/agent/activity_ownership.go:327.29,329.3 1 0
stcontrol/internal/agent/activity_ownership.go:330.2,335.117 4 6
stcontrol/internal/agent/activity_ownership.go:338.99,340.60 1 8
stcontrol/internal/agent/activity_ownership.go:340.60,342.3 1 1
stcontrol/internal/agent/activity_ownership.go:343.2,344.16 2 7
stcontrol/internal/agent/activity_ownership.go:344.16,346.3 1 0
stcontrol/internal/agent/activity_ownership.go:347.2,354.53 5 7
stcontrol/internal/agent/activity_ownership.go:354.53,356.28 2 7
stcontrol/internal/agent/activity_ownership.go:356.28,360.4 2 7
stcontrol/internal/agent/activity_ownership.go:362.2,364.63 3 7
stcontrol/internal/agent/activity_ownership.go:364.63,367.3 2 7
stcontrol/internal/agent/activity_ownership.go:368.2,368.43 1 7
stcontrol/internal/agent/activity_ownership.go:368.43,369.10 1 7
stcontrol/internal/agent/activity_ownership.go:370.26,371.115 1 0
stcontrol/internal/agent/activity_ownership.go:372.28,373.21 1 7
stcontrol/internal/agent/activity_ownership.go:373.21,374.13 1 1
stcontrol/internal/agent/activity_ownership.go:376.4,377.61 2 6
stcontrol/internal/agent/activity_ownership.go:377.61,379.5 1 6
stcontrol/internal/agent/activity_ownership.go:382.2,385.31 4 7
stcontrol/internal/agent/activity_ownership.go:385.31,386.19 1 13
stcontrol/internal/agent/activity_ownership.go:386.19,388.12 2 7
stcontrol/internal/agent/activity_ownership.go:390.3,390.77 1 6
stcontrol/internal/agent/activity_ownership.go:391.10,393.20 2 0
stcontrol/internal/agent/activity_ownership.go:394.10,395.19 1 1
stcontrol/internal/agent/activity_ownership.go:398.2,398.30 1 7
stcontrol/internal/agent/activity_ownership.go:398.30,400.3 1 1
stcontrol/internal/agent/activity_ownership.go:401.2,402.15 2 6
stcontrol/internal/agent/activity_ownership.go:402.15,404.3 1 0
stcontrol/internal/agent/activity_ownership.go:405.2,407.36 3 6
stcontrol/internal/agent/activity_ownership.go:407.36,408.39 1 11
stcontrol/internal/agent/activity_ownership.go:408.39,410.4 1 11
stcontrol/internal/agent/activity_ownership.go:412.2,413.35 2 6
stcontrol/internal/agent/activity_ownership.go:413.35,415.3 1 1
stcontrol/internal/agent/activity_ownership.go:416.2,416.41 1 5
stcontrol/internal/agent/activity_ownership.go:416.41,418.3 1 2
stcontrol/internal/agent/activity_ownership.go:419.2,419.39 1 3
stcontrol/internal/agent/activity_ownership.go:419.39,421.3 1 1
stcontrol/internal/agent/activity_ownership.go:422.2,422.145 1 2
stcontrol/internal/agent/activity_ownership.go:429.33,431.16 2 8
stcontrol/internal/agent/activity_ownership.go:431.16,433.3 1 0
stcontrol/internal/agent/activity_ownership.go:434.2,435.16 2 8
stcontrol/internal/agent/activity_ownership.go:435.16,437.3 1 0
stcontrol/internal/agent/activity_ownership.go:438.2,442.16 5 8
stcontrol/internal/agent/activity_ownership.go:442.16,444.3 1 1
stcontrol/internal/agent/activity_ownership.go:445.2,447.97 3 7
stcontrol/internal/agent/activity_ownership.go:447.97,449.3 1 0
stcontrol/internal/agent/activity_ownership.go:450.2,454.88 4 7
stcontrol/internal/agent/activity_ownership.go:454.88,456.3 1 0
stcontrol/internal/agent/activity_ownership.go:457.2,465.42 4 7
stcontrol/internal/agent/activity_ownership.go:465.42,467.3 1 0
stcontrol/internal/agent/activity_ownership.go:468.2,468.21 1 7
stcontrol/internal/agent/activity_ownership.go:471.105,472.106 1 2
stcontrol/internal/agent/activity_ownership.go:472.106,474.3 1 1
stcontrol/internal/agent/activity_ownership.go:475.2,476.16 2 1
stcontrol/internal/agent/activity_ownership.go:476.16,478.3 1 0
stcontrol/internal/agent/activity_ownership.go:479.2,484.53 3 1
stcontrol/internal/agent/activity_ownership.go:484.53,486.28 2 1
stcontrol/internal/agent/activity_ownership.go:486.28,492.4 3 1
stcontrol/internal/agent/activity_ownership.go:494.2,495.43 2 1
stcontrol/internal/agent/activity_ownership.go:495.43,496.10 1 1
stcontrol/internal/agent/activity_ownership.go:497.21,498.32 1 0
stcontrol/internal/agent/activity_ownership.go:499.28,500.23 1 1
stcontrol/internal/agent/activity_ownership.go:500.23,502.5 1 1
stcontrol/internal/agent/activity_ownership.go:505.2,505.24 1 1
stcontrol/internal/agent/activity_ownership.go:508.69,510.16 2 8
stcontrol/internal/agent/activity_ownership.go:510.16,512.3 1 0
stcontrol/internal/agent/activity_ownership.go:513.2,513.68 1 8
stcontrol/internal/agent/activity_ownership.go:516.87,518.60 2 5
stcontrol/internal/agent/activity_ownership.go:518.60,520.3 1 2
stcontrol/internal/agent/activity_ownership.go:521.2,521.43 1 3
stcontrol/internal/agent/activity_ownership.go:521.43,524.3 2 1
stcontrol/internal/agent/activity_ownership.go:525.2,525.32 1 2
stcontrol/internal/agent/activity_ownership.go:525.32,530.3 2 1
stcontrol/internal/agent/activity_ownership.go:531.2,531.91 1 1
stcontrol/internal/agent/activity_ownership.go:534.88,536.60 2 2
stcontrol/internal/agent/activity_ownership.go:536.60,538.3 1 0
stcontrol/internal/agent/activity_ownership.go:539.2,540.35 1 2
stcontrol/internal/agent/activity_ownership.go:540.35,543.3 2 1
stcontrol/internal/agent/activity_ownership.go:544.2,544.32 1 1
stcontrol/internal/agent/activity_ownership.go:544.32,547.3 2 1
stcontrol/internal/agent/activity_ownership.go:548.2,549.16 2 0
stcontrol/internal/agent/activity_ownership.go:549.16,552.3 2 0
stcontrol/internal/agent/activity_ownership.go:553.2,553.46 1 0
stcontrol/internal/agent/activity_ownership.go:556.107,560.70 3 7
stcontrol/internal/agent/activity_ownership.go:560.70,563.3 2 1
stcontrol/internal/agent/activity_ownership.go:564.2,568.80 3 6
stcontrol/internal/agent/activity_ownership.go:568.80,571.3 2 1
stcontrol/internal/agent/activity_ownership.go:572.2,574.73 3 5
stcontrol/internal/agent/activity_ownership.go:574.73,577.3 2 0
stcontrol/internal/agent/activity_ownership.go:578.2,578.13 1 5
stcontrol/internal/agent/activity_ownership.go:581.46,585.2 3 5
stcontrol/internal/agent/activity_ownership.go:590.37,599.12 6 10
stcontrol/internal/agent/activity_ownership.go:599.12,600.99 1 8
stcontrol/internal/agent/activity_ownership.go:600.99,602.4 1 0
stcontrol/internal/agent/activity_ownership.go:603.8,605.108 2 2
stcontrol/internal/agent/activity_ownership.go:605.108,607.4 1 1
stcontrol/internal/agent/activity_ownership.go:608.3,609.56 2 1
stcontrol/internal/agent/activity_ownership.go:609.56,611.4 1 0
stcontrol/internal/agent/activity_ownership.go:612.3,617.17 2 1
stcontrol/internal/agent/activity_ownership.go:617.17,619.4 1 0
stcontrol/internal/agent/activity_ownership.go:620.3,621.30 2 1
stcontrol/internal/agent/activity_ownership.go:621.30,623.4 1 0
stcontrol/internal/agent/activity_ownership.go:624.3,629.63 3 1
stcontrol/internal/agent/activity_ownership.go:629.63,632.4 2 0
stcontrol/internal/agent/activity_ownership.go:633.3,636.17 4 1
stcontrol/internal/agent/activity_ownership.go:636.17,638.4 1 0
stcontrol/internal/agent/activity_ownership.go:640.2,640.25 1 9
stcontrol/internal/agent/activity_ownership.go:640.25,641.67 1 8
stcontrol/internal/agent/activity_ownership.go:641.67,643.4 1 0
stcontrol/internal/agent/activity_ownership.go:644.3,647.9 1 8
stcontrol/internal/agent/activity_ownership.go:649.2,653.29 5 1
stcontrol/internal/agent/activity_ownership.go:653.29,655.3 1 0
stcontrol/internal/agent/activity_ownership.go:656.2,663.16 8 1
stcontrol/internal/agent/activity_ownership.go:663.16,665.3 1 0
stcontrol/internal/agent/activity_ownership.go:666.2,667.66 2 1
stcontrol/internal/agent/activity_ownership.go:667.66,669.3 1 0
stcontrol/internal/agent/activity_ownership.go:670.2,673.8 1 1
stcontrol/internal/agent/activity_ownership.go:676.90,677.23 1 9
stcontrol/internal/agent/activity_ownership.go:677.23,679.3 1 8
stcontrol/internal/agent/activity_ownership.go:680.2,684.17 2 1
stcontrol/internal/agent/activity_ownership.go:684.17,686.3 1 0
stcontrol/internal/agent/activity_ownership.go:687.2,690.87 4 1
stcontrol/internal/agent/activity_ownership.go:690.87,692.3 1 0
stcontrol/internal/agent/activity_ownership.go:693.2,696.35 4 1
stcontrol/internal/agent/activity_ownership.go:699.47,701.2 1 29
stcontrol/internal/agent/activity_ownership.go:703.74,705.2 1 6
stcontrol/internal/agent/activity_ownership.go:92.35,101.62 3 9
stcontrol/internal/agent/adapter_proxy.go:102.28,104.3 1 0
stcontrol/internal/agent/adapter_proxy.go:105.2,105.48 1 7
stcontrol/internal/agent/adapter_proxy.go:105.48,106.28 1 11
stcontrol/internal/agent/adapter_proxy.go:106.28,108.4 1 0
stcontrol/internal/agent/adapter_proxy.go:110.2,110.81 1 7
stcontrol/internal/agent/adapter_proxy.go:110.81,112.3 1 1
stcontrol/internal/agent/adapter_proxy.go:113.2,114.13 2 6
stcontrol/internal/agent/adapter_proxy.go:34.72,35.54 1 32
stcontrol/internal/agent/adapter_proxy.go:35.54,39.55 3 2
stcontrol/internal/agent/adapter_proxy.go:39.55,42.4 2 0
stcontrol/internal/agent/adapter_proxy.go:43.3,44.35 2 2
stcontrol/internal/agent/adapter_proxy.go:44.35,47.4 2 0
stcontrol/internal/agent/adapter_proxy.go:48.3,50.81 2 2
stcontrol/internal/agent/adapter_proxy.go:50.81,53.4 2 1
stcontrol/internal/agent/adapter_proxy.go:54.3,58.42 4 1
stcontrol/internal/agent/adapter_proxy.go:58.42,61.4 2 0
stcontrol/internal/agent/adapter_proxy.go:62.3,63.12 2 1
stcontrol/internal/agent/adapter_proxy.go:63.12,65.4 1 0
stcontrol/internal/agent/adapter_proxy.go:66.3,69.66 2 1
stcontrol/internal/agent/adapter_proxy.go:69.66,72.4 2 0
stcontrol/internal/agent/adapter_proxy.go:73.3,73.46 1 1
stcontrol/internal/agent/adapter_proxy.go:73.46,77.42 2 1
stcontrol/internal/agent/adapter_proxy.go:77.42,80.5 2 0
stcontrol/internal/agent/adapter_proxy.go:81.4,83.18 1 1
stcontrol/internal/agent/adapter_proxy.go:83.18,87.5 1 0
stcontrol/internal/agent/adapter_proxy.go:89.3,89.68 1 1
stcontrol/internal/agent/adapter_proxy.go:89.68,91.4 1 1
stcontrol/internal/agent/adapter_proxy.go:91.9,93.4 1 0
stcontrol/internal/agent/adapter_proxy.go:94.3,95.27 2 1
stcontrol/internal/agent/adapter_proxy.go:99.71,102.28 3 7
stcontrol/internal/agent/agent.go:41.51,42.16 1 143
stcontrol/internal/agent/agent.go:42.16,44.3 1 0
stcontrol/internal/agent/agent.go:45.2,45.32 1 143
stcontrol/internal/agent/agent.go:45.32,47.3 1 119
stcontrol/internal/agent/agent.go:48.2,48.27 1 143
stcontrol/internal/agent/agent.go:48.27,49.26 1 26
stcontrol/internal/agent/agent.go:49.26,51.4 1 1
stcontrol/internal/agent/agent.go:52.3,52.59 1 25
stcontrol/internal/agent/agent.go:52.59,54.4 1 0
stcontrol/internal/agent/agent.go:56.2,61.66 1 142
stcontrol/internal/agent/agent.go:61.66,63.5 1 1
stcontrol/internal/agent/agent.go:71.2,71.54 1 142
stcontrol/internal/agent/agent.go:71.54,73.3 1 1
stcontrol/internal/agent/agent.go:74.2,74.49 1 141
stcontrol/internal/agent/agent.go:74.49,76.3 1 3
stcontrol/internal/agent/agent.go:77.2,77.19 1 138
stcontrol/internal/agent/agent.go:80.37,81.30 1 93
stcontrol/internal/agent/agent.go:81.30,83.3 1 0
stcontrol/internal/agent/agent.go:84.2,84.34 1 93
stcontrol/internal/agent/agent.go:84.34,86.3 1 85
stcontrol/internal/agent/agent.go:87.2,87.23 1 8
stcontrol/internal/agent/audit.go:100.2,104.34 5 4
stcontrol/internal/agent/audit.go:104.34,106.25 2 8
stcontrol/internal/agent/audit.go:106.25,107.12 1 4
stcontrol/internal/agent/audit.go:109.17,111.4 1 0
stcontrol/internal/agent/audit.go:109.3,109.17 1 4
stcontrol/internal/agent/audit.go:112.3,112.66 1 4
stcontrol/internal/agent/audit.go:112.66,114.4 1 1
stcontrol/internal/agent/audit.go:115.3,115.48 1 3
stcontrol/internal/agent/audit.go:115.48,117.4 1 0
stcontrol/internal/agent/audit.go:118.3,120.17 3 3
stcontrol/internal/agent/audit.go:120.17,122.4 1 0
stcontrol/internal/agent/audit.go:123.3,126.22 4 3
stcontrol/internal/agent/audit.go:126.22,129.108 3 5
stcontrol/internal/agent/audit.go:129.108,132.5 2 1
stcontrol/internal/agent/audit.go:133.4,133.45 1 4
stcontrol/internal/agent/audit.go:133.45,134.13 1 2
stcontrol/internal/agent/audit.go:136.34,139.5 2 1
stcontrol/internal/agent/audit.go:136.4,136.34 1 2
stcontrol/internal/agent/audit.go:139.10,141.5 1 1
stcontrol/internal/agent/audit.go:143.3,145.21 3 2
stcontrol/internal/agent/audit.go:145.21,147.4 1 0
stcontrol/internal/agent/audit.go:148.22,150.4 1 0
stcontrol/internal/agent/audit.go:148.3,148.22 1 2
stcontrol/internal/agent/audit.go:152.16,154.3 1 1
stcontrol/internal/agent/audit.go:152.2,152.16 1 2
stcontrol/internal/agent/audit.go:155.2,155.20 1 1
stcontrol/internal/agent/audit.go:158.80,163.2 1 4
stcontrol/internal/agent/audit.go:50.63,53.23 3 4
stcontrol/internal/agent/audit.go:53.23,55.3 1 4
stcontrol/internal/agent/audit.go:56.2,57.16 2 4
stcontrol/internal/agent/audit.go:57.16,59.3 1 0
stcontrol/internal/agent/audit.go:60.2,60.49 1 4
stcontrol/internal/agent/audit.go:60.49,62.3 1 0
stcontrol/internal/agent/audit.go:63.2,64.81 2 4
stcontrol/internal/agent/audit.go:64.81,67.51 3 0
stcontrol/internal/agent/audit.go:67.51,69.4 1 0
stcontrol/internal/agent/audit.go:71.2,72.16 2 4
stcontrol/internal/agent/audit.go:72.16,74.3 1 0
stcontrol/internal/agent/audit.go:75.2,77.16 3 4
stcontrol/internal/agent/audit.go:77.16,79.3 1 0
stcontrol/internal/agent/audit.go:80.2,81.47 2 4
stcontrol/internal/agent/audit.go:81.47,83.3 1 0
stcontrol/internal/agent/audit.go:84.2,84.20 1 4
stcontrol/internal/agent/audit.go:90.88,91.19 1 5
stcontrol/internal/agent/audit.go:91.19,93.3 1 0
stcontrol/internal/agent/audit.go:94.2,94.22 1 5
stcontrol/internal/agent/audit.go:94.22,96.3 1 3
stcontrol/internal/agent/audit.go:97.2,97.24 1 5
stcontrol/internal/agent/audit.go:97.24,99.3 1 1
stcontrol/internal/agent/commands.go:102.2,103.55 2 3
stcontrol/internal/agent/commands.go:103.55,105.3 1 1
stcontrol/internal/agent/commands.go:106.2,106.55 1 2
stcontrol/internal/agent/commands.go:106.55,108.3 1 0
stcontrol/internal/agent/commands.go:109.2,109.44 1 2
stcontrol/internal/agent/commands.go:109.44,111.3 1 0
stcontrol/internal/agent/commands.go:113.2,115.22 1 2
stcontrol/internal/agent/commands.go:115.22,117.3 1 0
stcontrol/internal/agent/commands.go:119.2,119.9 1 2
stcontrol/internal/agent/commands.go:120.36,120.36 0 2
stcontrol/internal/agent/commands.go:121.20,122.19 1 0
stcontrol/internal/agent/commands.go:124.12,125.16 1 2
stcontrol/internal/agent/commands.go:124.2,124.12 1 2
stcontrol/internal/agent/commands.go:125.16,125.36 1 2
stcontrol/internal/agent/commands.go:126.3,126.95 1 2
stcontrol/internal/agent/commands.go:126.95,128.4 1 0
stcontrol/internal/agent/commands.go:130.2,130.12 1 2
stcontrol/internal/agent/commands.go:133.116,136.17 3 2
stcontrol/internal/agent/commands.go:136.17,138.3 1 2
stcontrol/internal/agent/commands.go:139.2,139.9 1 2
stcontrol/internal/agent/commands.go:139.9,145.18 3 1
stcontrol/internal/agent/commands.go:145.18,146.63 1 1
stcontrol/internal/agent/commands.go:146.63,148.5 1 0
stcontrol/internal/agent/commands.go:151.2,155.17 1 2
stcontrol/internal/agent/commands.go:155.17,157.3 1 0
stcontrol/internal/agent/commands.go:158.2,163.43 3 2
stcontrol/internal/agent/commands.go:163.43,164.123 1 2
stcontrol/internal/agent/commands.go:164.123,166.4 1 2
stcontrol/internal/agent/commands.go:167.3,168.10 2 0
stcontrol/internal/agent/commands.go:169.21,171.20 2 0
stcontrol/internal/agent/commands.go:172.18,172.18 0 0
stcontrol/internal/agent/commands.go:174.3,174.31 1 0
stcontrol/internal/agent/commands.go:174.31,176.4 1 0
stcontrol/internal/agent/commands.go:178.2,178.64 1 0
stcontrol/internal/agent/commands.go:181.56,183.2 1 4
stcontrol/internal/agent/commands.go:185.108,187.16 2 93
stcontrol/internal/agent/commands.go:187.16,189.3 1 1
stcontrol/internal/agent/commands.go:190.2,190.29 1 92
stcontrol/internal/agent/commands.go:191.28,193.100 2 3
stcontrol/internal/agent/commands.go:193.100,195.4 1 1
stcontrol/internal/agent/commands.go:196.3,197.17 2 2
stcontrol/internal/agent/commands.go:197.17,199.4 1 1
stcontrol/internal/agent/commands.go:200.3,200.84 1 1
stcontrol/internal/agent/commands.go:201.23,203.61 2 2
stcontrol/internal/agent/commands.go:203.61,205.4 1 0
stcontrol/internal/agent/commands.go:206.3,207.17 2 2
stcontrol/internal/agent/commands.go:207.17,209.4 1 1
stcontrol/internal/agent/commands.go:210.3,210.76 1 1
stcontrol/internal/agent/commands.go:211.22,215.83 2 2
stcontrol/internal/agent/commands.go:215.83,217.4 1 1
stcontrol/internal/agent/commands.go:218.3,218.54 1 1
stcontrol/internal/agent/commands.go:218.54,220.4 1 0
stcontrol/internal/agent/commands.go:221.3,221.62 1 1
stcontrol/internal/agent/commands.go:222.24,224.61 2 4
stcontrol/internal/agent/commands.go:224.61,226.4 1 1
stcontrol/internal/agent/commands.go:227.3,228.38 2 3
stcontrol/internal/agent/commands.go:228.38,230.4 1 0
stcontrol/internal/agent/commands.go:231.3,232.17 2 3
stcontrol/internal/agent/commands.go:232.17,234.73 2 2
stcontrol/internal/agent/commands.go:234.73,236.5 1 1
stcontrol/internal/agent/commands.go:237.4,237.77 1 2
stcontrol/internal/agent/commands.go:239.3,239.100 1 1
stcontrol/internal/agent/commands.go:240.30,242.61 2 3
stcontrol/internal/agent/commands.go:242.61,244.4 1 1
stcontrol/internal/agent/commands.go:245.3,246.74 2 2
stcontrol/internal/agent/commands.go:246.74,248.4 1 0
stcontrol/internal/agent/commands.go:249.3,250.17 2 2
stcontrol/internal/agent/commands.go:250.17,252.4 1 1
stcontrol/internal/agent/commands.go:253.3,253.97 1 1
stcontrol/internal/agent/commands.go:254.22,256.109 2 6
stcontrol/internal/agent/commands.go:256.109,258.4 1 3
stcontrol/internal/agent/commands.go:261.3,261.84 1 3
stcontrol/internal/agent/commands.go:261.84,263.4 1 0
stcontrol/internal/agent/commands.go:264.3,265.54 2 3
stcontrol/internal/agent/commands.go:265.54,267.4 1 1
stcontrol/internal/agent/commands.go:268.3,268.62 1 2
stcontrol/internal/agent/commands.go:269.28,274.71 2 6
stcontrol/internal/agent/commands.go:274.71,276.4 1 4
stcontrol/internal/agent/commands.go:277.3,278.59 2 2
stcontrol/internal/agent/commands.go:278.59,280.4 1 1
stcontrol/internal/agent/commands.go:281.3,281.62 1 1
stcontrol/internal/agent/commands.go:282.27,285.94 2 2
stcontrol/internal/agent/commands.go:285.94,287.4 1 1
stcontrol/internal/agent/commands.go:288.3,290.17 3 1
stcontrol/internal/agent/commands.go:290.17,292.4 1 1
stcontrol/internal/agent/commands.go:293.3,293.88 1 0
stcontrol/internal/agent/commands.go:294.27,297.94 2 2
stcontrol/internal/agent/commands.go:297.94,299.4 1 1
stcontrol/internal/agent/commands.go:300.3,302.17 3 1
stcontrol/internal/agent/commands.go:302.17,304.4 1 1
stcontrol/internal/agent/commands.go:305.3,305.93 1 0
stcontrol/internal/agent/commands.go:306.35,309.98 2 2
stcontrol/internal/agent/commands.go:309.98,311.4 1 1
stcontrol/internal/agent/commands.go:312.3,313.65 2 1
stcontrol/internal/agent/commands.go:313.65,315.4 1 1
stcontrol/internal/agent/commands.go:316.3,316.62 1 0
stcontrol/internal/agent/commands.go:317.26,323.31 2 8
stcontrol/internal/agent/commands.go:323.31,325.4 1 5
stcontrol/internal/agent/commands.go:326.3,327.17 2 3
stcontrol/internal/agent/commands.go:327.17,329.4 1 2
stcontrol/internal/agent/commands.go:330.3,330.88 1 1
stcontrol/internal/agent/commands.go:331.27,337.31 2 8
stcontrol/internal/agent/commands.go:337.31,339.4 1 5
stcontrol/internal/agent/commands.go:340.3,341.17 2 3
stcontrol/internal/agent/commands.go:341.17,343.4 1 2
stcontrol/internal/agent/commands.go:344.3,344.89 1 1
stcontrol/internal/agent/commands.go:345.26,348.33 2 2
stcontrol/internal/agent/commands.go:348.33,350.4 1 1
stcontrol/internal/agent/commands.go:351.3,352.17 2 1
stcontrol/internal/agent/commands.go:352.17,354.4 1 1
stcontrol/internal/agent/commands.go:355.3,355.88 1 0
stcontrol/internal/agent/commands.go:356.34,366.63 2 7
stcontrol/internal/agent/commands.go:366.63,368.4 1 4
stcontrol/internal/agent/commands.go:369.3,375.32 2 3
stcontrol/internal/agent/commands.go:375.32,377.18 2 0
stcontrol/internal/agent/commands.go:377.18,379.5 1 0
stcontrol/internal/agent/commands.go:380.4,380.90 1 0
stcontrol/internal/agent/commands.go:382.3,382.53 1 3
stcontrol/internal/agent/commands.go:382.53,384.4 1 0
stcontrol/internal/agent/commands.go:385.3,385.62 1 3
stcontrol/internal/agent/commands.go:386.24,388.61 2 2
stcontrol/internal/agent/commands.go:388.61,390.4 1 1
stcontrol/internal/agent/commands.go:391.3,392.17 2 1
stcontrol/internal/agent/commands.go:392.17,393.40 1 1
stcontrol/internal/agent/commands.go:393.40,395.5 1 0
stcontrol/internal/agent/commands.go:396.4,396.90 1 1
stcontrol/internal/agent/commands.go:398.3,398.82 1 0
stcontrol/internal/agent/commands.go:399.29,401.61 2 2
stcontrol/internal/agent/commands.go:401.61,403.4 1 1
stcontrol/internal/agent/commands.go:404.3,405.17 2 1
stcontrol/internal/agent/commands.go:405.17,407.4 1 1
stcontrol/internal/agent/commands.go:408.3,408.82 1 0
stcontrol/internal/agent/commands.go:409.32,411.61 2 2
stcontrol/internal/agent/commands.go:411.61,413.4 1 1
stcontrol/internal/agent/commands.go:414.3,415.17 2 1
stcontrol/internal/agent/commands.go:415.17,417.4 1 1
stcontrol/internal/agent/commands.go:418.3,418.82 1 0
stcontrol/internal/agent/commands.go:419.30,424.129 2 2
stcontrol/internal/agent/commands.go:424.129,426.4 1 1
stcontrol/internal/agent/commands.go:427.3,428.10 2 1
stcontrol/internal/agent/commands.go:428.10,430.4 1 1
stcontrol/internal/agent/commands.go:431.3,431.81 1 0
stcontrol/internal/agent/commands.go:432.35,438.114 2 1
stcontrol/internal/agent/commands.go:438.114,440.4 1 1
stcontrol/internal/agent/commands.go:441.3,441.83 1 0
stcontrol/internal/agent/commands.go:441.83,443.4 1 0
stcontrol/internal/agent/commands.go:444.3,444.60 1 0
stcontrol/internal/agent/commands.go:444.60,446.4 1 0
stcontrol/internal/agent/commands.go:447.3,447.62 1 0
stcontrol/internal/agent/commands.go:448.65,450.61 2 4
stcontrol/internal/agent/commands.go:450.61,452.4 1 1
stcontrol/internal/agent/commands.go:453.3,453.83 1 3
stcontrol/internal/agent/commands.go:453.83,457.4 1 1
stcontrol/internal/agent/commands.go:458.3,460.17 3 3
stcontrol/internal/agent/commands.go:460.17,462.51 2 3
stcontrol/internal/agent/commands.go:462.51,464.5 1 2
stcontrol/internal/agent/commands.go:465.4,465.77 1 3
stcontrol/internal/agent/commands.go:467.3,467.90 1 0
stcontrol/internal/agent/commands.go:468.33,472.79 2 2
stcontrol/internal/agent/commands.go:472.79,474.4 1 1
stcontrol/internal/agent/commands.go:475.3,476.17 2 1
stcontrol/internal/agent/commands.go:476.17,478.53 2 0
stcontrol/internal/agent/commands.go:478.53,482.5 1 0
stcontrol/internal/agent/commands.go:48.55,50.23 2 1
stcontrol/internal/agent/commands.go:483.4,483.77 1 0
stcontrol/internal/agent/commands.go:485.3,485.88 1 1
stcontrol/internal/agent/commands.go:486.35,488.103 2 1
stcontrol/internal/agent/commands.go:488.103,490.4 1 1
stcontrol/internal/agent/commands.go:491.3,492.17 2 0
stcontrol/internal/agent/commands.go:492.17,494.4 1 0
stcontrol/internal/agent/commands.go:495.3,495.90 1 0
stcontrol/internal/agent/commands.go:496.37,498.107 2 1
stcontrol/internal/agent/commands.go:498.107,500.4 1 1
stcontrol/internal/agent/commands.go:50.23,51.33 1 1
stcontrol/internal/agent/commands.go:501.3,502.17 2 0
stcontrol/internal/agent/commands.go:502.17,504.4 1 0
stcontrol/internal/agent/commands.go:505.3,505.86 1 0
stcontrol/internal/agent/commands.go:506.42,508.61 2 2
stcontrol/internal/agent/commands.go:508.61,510.4 1 1
stcontrol/internal/agent/commands.go:51.33,53.11 2 1
stcontrol/internal/agent/commands.go:511.3,512.17 2 1
stcontrol/internal/agent/commands.go:512.17,514.4 1 1
stcontrol/internal/agent/commands.go:515.3,515.82 1 0
stcontrol/internal/agent/commands.go:516.37,518.88 2 5
stcontrol/internal/agent/commands.go:518.88,520.4 1 1
stcontrol/internal/agent/commands.go:521.3,521.67 1 4
stcontrol/internal/agent/commands.go:521.67,523.4 1 2
stcontrol/internal/agent/commands.go:524.3,524.62 1 2
stcontrol/internal/agent/commands.go:525.45,527.88 2 5
stcontrol/internal/agent/commands.go:527.88,529.4 1 1
stcontrol/internal/agent/commands.go:530.3,530.69 1 4
stcontrol/internal/agent/commands.go:530.69,532.4 1 2
stcontrol/internal/agent/commands.go:533.3,533.62 1 2
stcontrol/internal/agent/commands.go:534.37,536.88 2 5
stcontrol/internal/agent/commands.go:536.88,538.4 1 1
stcontrol/internal/agent/commands.go:539.3,540.17 2 4
stcontrol/internal/agent/commands.go:54.22,56.11 2 1
stcontrol/internal/agent/commands.go:540.17,542.4 1 2
stcontrol/internal/agent/commands.go:543.3,543.92 1 2
stcontrol/internal/agent/commands.go:544.10,545.93 1 1
stcontrol/internal/agent/commands.go:549.85,551.28 1 1
stcontrol/internal/agent/commands.go:551.28,553.3 1 1
stcontrol/internal/agent/commands.go:554.2,554.24 1 0
stcontrol/internal/agent/commands.go:555.17,556.90 1 0
stcontrol/internal/agent/commands.go:557.31,558.71 1 0
stcontrol/internal/agent/commands.go:559.10,560.15 1 0
stcontrol/internal/agent/commands.go:564.90,566.50 1 1
stcontrol/internal/agent/commands.go:566.50,568.3 1 1
stcontrol/internal/agent/commands.go:569.2,570.37 2 0
stcontrol/internal/agent/commands.go:57.19,57.19 0 0
stcontrol/internal/agent/commands.go:573.49,574.14 1 10
stcontrol/internal/agent/commands.go:575.88,576.14 1 5
stcontrol/internal/agent/commands.go:577.10,578.15 1 5
stcontrol/internal/agent/commands.go:582.45,585.2 2 80
stcontrol/internal/agent/commands.go:587.68,589.38 1 3
stcontrol/internal/agent/commands.go:589.38,591.3 1 0
stcontrol/internal/agent/commands.go:59.4,59.12 1 0
stcontrol/internal/agent/commands.go:592.2,595.34 3 3
stcontrol/internal/agent/commands.go:598.82,600.73 1 2
stcontrol/internal/agent/commands.go:600.73,602.3 1 0
stcontrol/internal/agent/commands.go:603.2,607.34 3 2
stcontrol/internal/agent/commands.go:61.3,61.50 1 1
stcontrol/internal/agent/commands.go:61.50,64.11 3 1
stcontrol/internal/agent/commands.go:610.79,613.81 2 97
stcontrol/internal/agent/commands.go:613.81,615.3 1 1
stcontrol/internal/agent/commands.go:616.2,618.16 3 96
stcontrol/internal/agent/commands.go:618.16,620.3 1 0
stcontrol/internal/agent/commands.go:621.2,622.44 2 96
stcontrol/internal/agent/commands.go:622.44,624.3 1 0
stcontrol/internal/agent/commands.go:625.2,626.27 2 96
stcontrol/internal/agent/commands.go:626.27,629.3 2 94
stcontrol/internal/agent/commands.go:629.8,633.3 3 2
stcontrol/internal/agent/commands.go:634.2,634.28 1 96
stcontrol/internal/agent/commands.go:634.28,636.3 1 2
stcontrol/internal/agent/commands.go:637.2,637.23 1 94
stcontrol/internal/agent/commands.go:640.66,642.16 2 93
stcontrol/internal/agent/commands.go:642.16,644.3 1 0
stcontrol/internal/agent/commands.go:645.2,645.13 1 93
stcontrol/internal/agent/commands.go:65.22,67.11 2 1
stcontrol/internal/agent/commands.go:68.19,68.19 0 0
stcontrol/internal/agent/commands.go:70.32,72.5 1 0
stcontrol/internal/agent/commands.go:70.4,70.32 1 0
stcontrol/internal/agent/commands.go:73.4,73.12 1 0
stcontrol/internal/agent/commands.go:75.3,75.24 1 0
stcontrol/internal/agent/commands.go:79.62,80.32 1 7
stcontrol/internal/agent/commands.go:80.32,82.3 1 1
stcontrol/internal/agent/commands.go:83.2,87.16 3 6
stcontrol/internal/agent/commands.go:87.16,89.3 1 1
stcontrol/internal/agent/commands.go:90.2,90.82 1 6
stcontrol/internal/agent/commands.go:90.82,92.57 2 5
stcontrol/internal/agent/commands.go:92.57,94.4 1 1
stcontrol/internal/agent/commands.go:96.2,96.36 1 5
stcontrol/internal/agent/commands.go:96.36,98.3 1 1
stcontrol/internal/agent/commands.go:99.2,99.29 1 4
stcontrol/internal/agent/commands.go:99.29,101.3 1 1
stcontrol/internal/agent/conflict_evidence.go:100.2,100.77 1 5
stcontrol/internal/agent/conflict_evidence.go:100.77,102.3 1 0
stcontrol/internal/agent/conflict_evidence.go:103.2,103.47 1 5
stcontrol/internal/agent/conflict_evidence.go:106.90,109.92 3 5
stcontrol/internal/agent/conflict_evidence.go:109.92,110.21 1 16
stcontrol/internal/agent/conflict_evidence.go:110.21,112.4 1 0
stcontrol/internal/agent/conflict_evidence.go:113.3,113.35 1 16
stcontrol/internal/agent/conflict_evidence.go:113.35,115.4 1 0
stcontrol/internal/agent/conflict_evidence.go:116.3,117.31 2 16
stcontrol/internal/agent/conflict_evidence.go:117.31,119.4 1 5
stcontrol/internal/agent/conflict_evidence.go:120.3,121.63 2 11
stcontrol/internal/agent/conflict_evidence.go:121.63,123.18 2 1
stcontrol/internal/agent/conflict_evidence.go:123.18,125.5 1 0
stcontrol/internal/agent/conflict_evidence.go:126.4,126.82 1 1
stcontrol/internal/agent/conflict_evidence.go:126.82,128.5 1 1
stcontrol/internal/agent/conflict_evidence.go:130.28,132.4 1 0
stcontrol/internal/agent/conflict_evidence.go:130.3,130.28 1 10
stcontrol/internal/agent/conflict_evidence.go:133.3,134.99 2 10
stcontrol/internal/agent/conflict_evidence.go:134.99,136.4 1 0
stcontrol/internal/agent/conflict_evidence.go:137.19,139.4 1 2
stcontrol/internal/agent/conflict_evidence.go:137.3,137.19 1 10
stcontrol/internal/agent/conflict_evidence.go:140.3,141.30 1 8
stcontrol/internal/agent/conflict_evidence.go:141.30,143.4 1 0
stcontrol/internal/agent/conflict_evidence.go:144.3,146.13 3 8
stcontrol/internal/agent/conflict_evidence.go:148.2,148.26 1 5
stcontrol/internal/agent/conflict_evidence.go:154.27,155.24 1 6
stcontrol/internal/agent/conflict_evidence.go:156.17,157.30 1 2
stcontrol/internal/agent/conflict_evidence.go:157.30,159.4 1 0
stcontrol/internal/agent/conflict_evidence.go:160.3,162.17 3 2
stcontrol/internal/agent/conflict_evidence.go:162.17,164.4 1 0
stcontrol/internal/agent/conflict_evidence.go:165.3,166.17 2 2
stcontrol/internal/agent/conflict_evidence.go:166.17,168.4 1 0
stcontrol/internal/agent/conflict_evidence.go:169.3,175.33 3 2
stcontrol/internal/agent/conflict_evidence.go:175.33,177.4 1 1
stcontrol/internal/agent/conflict_evidence.go:178.3,178.85 1 1
stcontrol/internal/agent/conflict_evidence.go:178.85,180.4 1 0
stcontrol/internal/agent/conflict_evidence.go:181.3,181.39 1 1
stcontrol/internal/agent/conflict_evidence.go:182.31,183.30 1 4
stcontrol/internal/agent/conflict_evidence.go:183.30,185.4 1 0
stcontrol/internal/agent/conflict_evidence.go:186.3,188.69 3 4
stcontrol/internal/agent/conflict_evidence.go:188.69,190.4 1 0
stcontrol/internal/agent/conflict_evidence.go:191.3,191.34 1 4
stcontrol/internal/agent/conflict_evidence.go:192.10,193.68 1 0
stcontrol/internal/agent/conflict_evidence.go:197.116,198.54 1 16
stcontrol/internal/agent/conflict_evidence.go:198.54,200.3 1 0
stcontrol/internal/agent/conflict_evidence.go:201.2,202.29 2 16
stcontrol/internal/agent/conflict_evidence.go:202.29,204.3 1 2
stcontrol/internal/agent/conflict_evidence.go:205.16,207.3 1 0
stcontrol/internal/agent/conflict_evidence.go:205.2,205.16 1 16
stcontrol/internal/agent/conflict_evidence.go:208.2,211.63 4 16
stcontrol/internal/agent/conflict_evidence.go:211.63,213.3 1 0
stcontrol/internal/agent/conflict_evidence.go:214.2,214.39 1 16
stcontrol/internal/agent/conflict_evidence.go:220.44,221.56 1 5
stcontrol/internal/agent/conflict_evidence.go:221.56,223.3 1 0
stcontrol/internal/agent/conflict_evidence.go:224.2,226.92 3 5
stcontrol/internal/agent/conflict_evidence.go:226.92,227.21 1 16
stcontrol/internal/agent/conflict_evidence.go:227.21,229.4 1 0
stcontrol/internal/agent/conflict_evidence.go:230.3,230.35 1 16
stcontrol/internal/agent/conflict_evidence.go:230.35,232.4 1 0
stcontrol/internal/agent/conflict_evidence.go:233.3,234.31 2 16
stcontrol/internal/agent/conflict_evidence.go:234.31,236.4 1 5
stcontrol/internal/agent/conflict_evidence.go:237.3,238.63 2 11
stcontrol/internal/agent/conflict_evidence.go:238.63,240.18 2 1
stcontrol/internal/agent/conflict_evidence.go:240.18,242.5 1 0
stcontrol/internal/agent/conflict_evidence.go:243.4,243.82 1 1
stcontrol/internal/agent/conflict_evidence.go:243.82,245.5 1 1
stcontrol/internal/agent/conflict_evidence.go:247.28,249.4 1 0
stcontrol/internal/agent/conflict_evidence.go:247.3,247.28 1 10
stcontrol/internal/agent/conflict_evidence.go:250.3,251.17 2 10
stcontrol/internal/agent/conflict_evidence.go:251.17,253.4 1 0
stcontrol/internal/agent/conflict_evidence.go:254.3,254.85 1 10
stcontrol/internal/agent/conflict_evidence.go:254.85,256.4 1 0
stcontrol/internal/agent/conflict_evidence.go:257.3,258.38 2 10
stcontrol/internal/agent/conflict_evidence.go:258.38,260.4 1 0
stcontrol/internal/agent/conflict_evidence.go:261.19,263.4 1 2
stcontrol/internal/agent/conflict_evidence.go:261.3,261.19 1 10
stcontrol/internal/agent/conflict_evidence.go:264.3,265.35 1 8
stcontrol/internal/agent/conflict_evidence.go:265.35,267.4 1 0
stcontrol/internal/agent/conflict_evidence.go:268.3,268.66 1 8
stcontrol/internal/agent/conflict_evidence.go:268.66,270.4 1 0
stcontrol/internal/agent/conflict_evidence.go:271.3,272.17 2 8
stcontrol/internal/agent/conflict_evidence.go:272.17,274.4 1 0
stcontrol/internal/agent/conflict_evidence.go:275.3,276.17 2 8
stcontrol/internal/agent/conflict_evidence.go:276.17,279.4 2 0
stcontrol/internal/agent/conflict_evidence.go:280.3,284.66 5 8
stcontrol/internal/agent/conflict_evidence.go:284.66,286.4 1 0
stcontrol/internal/agent/conflict_evidence.go:287.3,291.13 3 8
stcontrol/internal/agent/conflict_evidence.go:293.16,295.3 1 0
stcontrol/internal/agent/conflict_evidence.go:293.2,293.16 1 5
stcontrol/internal/agent/conflict_evidence.go:296.2,296.40 1 5
stcontrol/internal/agent/conflict_evidence.go:296.40,296.80 1 3
stcontrol/internal/agent/conflict_evidence.go:297.2,297.26 1 5
stcontrol/internal/agent/conflict_evidence.go:300.90,302.63 2 5
stcontrol/internal/agent/conflict_evidence.go:302.63,304.3 1 0
stcontrol/internal/agent/conflict_evidence.go:305.2,306.28 2 5
stcontrol/internal/agent/conflict_evidence.go:306.28,308.3 1 0
stcontrol/internal/agent/conflict_evidence.go:309.2,310.16 2 5
stcontrol/internal/agent/conflict_evidence.go:310.16,312.3 1 0
stcontrol/internal/agent/conflict_evidence.go:313.2,313.44 1 5
stcontrol/internal/agent/conflict_evidence.go:313.44,316.3 2 0
stcontrol/internal/agent/conflict_evidence.go:317.2,317.36 1 5
stcontrol/internal/agent/conflict_evidence.go:317.36,320.3 2 0
stcontrol/internal/agent/conflict_evidence.go:321.2,321.21 1 5
stcontrol/internal/agent/conflict_evidence.go:324.82,328.62 3 15
stcontrol/internal/agent/conflict_evidence.go:328.62,329.17 1 6
stcontrol/internal/agent/conflict_evidence.go:329.17,331.4 1 6
stcontrol/internal/agent/conflict_evidence.go:332.3,332.86 1 0
stcontrol/internal/agent/conflict_evidence.go:334.2,335.16 2 9
stcontrol/internal/agent/conflict_evidence.go:335.16,337.3 1 0
stcontrol/internal/agent/conflict_evidence.go:338.2,346.117 4 9
stcontrol/internal/agent/conflict_evidence.go:346.117,348.3 1 0
stcontrol/internal/agent/conflict_evidence.go:349.2,350.16 2 9
stcontrol/internal/agent/conflict_evidence.go:350.16,352.3 1 0
stcontrol/internal/agent/conflict_evidence.go:353.2,355.34 3 9
stcontrol/internal/agent/conflict_evidence.go:355.34,357.3 1 0
stcontrol/internal/agent/conflict_evidence.go:358.2,358.22 1 9
stcontrol/internal/agent/conflict_evidence.go:361.101,364.30 3 8
stcontrol/internal/agent/conflict_evidence.go:364.30,366.85 1 15
stcontrol/internal/agent/conflict_evidence.go:366.85,368.4 1 0
stcontrol/internal/agent/conflict_evidence.go:369.3,369.86 1 15
stcontrol/internal/agent/conflict_evidence.go:369.86,371.4 1 0
stcontrol/internal/agent/conflict_evidence.go:372.3,373.30 2 15
stcontrol/internal/agent/conflict_evidence.go:375.2,376.90 2 8
stcontrol/internal/agent/conflict_evidence.go:376.90,377.21 1 34
stcontrol/internal/agent/conflict_evidence.go:377.21,379.4 1 0
stcontrol/internal/agent/conflict_evidence.go:380.3,380.35 1 34
stcontrol/internal/agent/conflict_evidence.go:380.35,382.4 1 0
stcontrol/internal/agent/conflict_evidence.go:383.3,384.31 2 34
stcontrol/internal/agent/conflict_evidence.go:384.31,386.4 1 8
stcontrol/internal/agent/conflict_evidence.go:387.3,388.42 2 26
stcontrol/internal/agent/conflict_evidence.go:388.42,390.4 1 8
stcontrol/internal/agent/conflict_evidence.go:391.28,393.4 1 0
stcontrol/internal/agent/conflict_evidence.go:391.3,391.28 1 18
stcontrol/internal/agent/conflict_evidence.go:394.3,395.99 2 18
stcontrol/internal/agent/conflict_evidence.go:395.99,397.4 1 0
stcontrol/internal/agent/conflict_evidence.go:398.19,400.4 1 3
stcontrol/internal/agent/conflict_evidence.go:398.3,398.19 1 18
stcontrol/internal/agent/conflict_evidence.go:401.3,402.51 2 15
stcontrol/internal/agent/conflict_evidence.go:402.51,404.4 1 1
stcontrol/internal/agent/conflict_evidence.go:405.3,406.92 2 14
stcontrol/internal/agent/conflict_evidence.go:406.92,408.4 1 0
stcontrol/internal/agent/conflict_evidence.go:409.3,410.13 2 14
stcontrol/internal/agent/conflict_evidence.go:412.16,414.3 1 1
stcontrol/internal/agent/conflict_evidence.go:412.2,412.16 1 8
stcontrol/internal/agent/conflict_evidence.go:415.2,415.32 1 7
stcontrol/internal/agent/conflict_evidence.go:415.32,417.3 1 0
stcontrol/internal/agent/conflict_evidence.go:418.2,418.12 1 7
stcontrol/internal/agent/conflict_evidence.go:421.72,422.52 1 5
stcontrol/internal/agent/conflict_evidence.go:422.52,424.3 1 0
stcontrol/internal/agent/conflict_evidence.go:425.2,425.68 1 5
stcontrol/internal/agent/conflict_evidence.go:425.68,427.3 1 0
stcontrol/internal/agent/conflict_evidence.go:428.2,428.47 1 5
stcontrol/internal/agent/conflict_evidence.go:428.47,430.3 1 0
stcontrol/internal/agent/conflict_evidence.go:43.45,45.16 2 7
stcontrol/internal/agent/conflict_evidence.go:430.32,432.3 1 0
stcontrol/internal/agent/conflict_evidence.go:430.8,430.32 1 5
stcontrol/internal/agent/conflict_evidence.go:433.2,433.38 1 5
stcontrol/internal/agent/conflict_evidence.go:440.8,445.2 1 1
stcontrol/internal/agent/conflict_evidence.go:447.98,453.2 1 5
stcontrol/internal/agent/conflict_evidence.go:45.16,47.3 1 0
stcontrol/internal/agent/conflict_evidence.go:455.104,457.16 2 1
stcontrol/internal/agent/conflict_evidence.go:457.16,459.3 1 0
stcontrol/internal/agent/conflict_evidence.go:460.2,462.71 2 1
stcontrol/internal/agent/conflict_evidence.go:462.71,464.3 1 0
stcontrol/internal/agent/conflict_evidence.go:465.2,469.64 3 1
stcontrol/internal/agent/conflict_evidence.go:469.64,471.17 2 2
stcontrol/internal/agent/conflict_evidence.go:471.17,473.4 1 0
stcontrol/internal/agent/conflict_evidence.go:474.3,474.43 1 2
stcontrol/internal/agent/conflict_evidence.go:474.43,475.30 1 0
stcontrol/internal/agent/conflict_evidence.go:475.30,477.5 1 0
stcontrol/internal/agent/conflict_evidence.go:478.4,478.9 1 0
stcontrol/internal/agent/conflict_evidence.go:48.2,48.74 1 7
stcontrol/internal/agent/conflict_evidence.go:48.74,49.65 1 1
stcontrol/internal/agent/conflict_evidence.go:480.3,482.29 3 2
stcontrol/internal/agent/conflict_evidence.go:484.2,486.49 3 1
stcontrol/internal/agent/conflict_evidence.go:486.49,488.3 1 0
stcontrol/internal/agent/conflict_evidence.go:489.2,490.16 2 1
stcontrol/internal/agent/conflict_evidence.go:49.65,51.4 1 0
stcontrol/internal/agent/conflict_evidence.go:490.16,492.3 1 0
stcontrol/internal/agent/conflict_evidence.go:493.2,493.46 1 1
stcontrol/internal/agent/conflict_evidence.go:52.3,52.80 1 1
stcontrol/internal/agent/conflict_evidence.go:52.80,54.4 1 1
stcontrol/internal/agent/conflict_evidence.go:55.3,55.48 1 0
stcontrol/internal/agent/conflict_evidence.go:56.32,58.3 1 0
stcontrol/internal/agent/conflict_evidence.go:56.8,56.32 1 6
stcontrol/internal/agent/conflict_evidence.go:60.2,61.16 2 6
stcontrol/internal/agent/conflict_evidence.go:61.16,63.3 1 1
stcontrol/internal/agent/conflict_evidence.go:64.2,65.16 2 5
stcontrol/internal/agent/conflict_evidence.go:65.16,67.3 1 0
stcontrol/internal/agent/conflict_evidence.go:68.2,68.72 1 5
stcontrol/internal/agent/conflict_evidence.go:68.72,70.3 1 0
stcontrol/internal/agent/conflict_evidence.go:71.2,71.53 1 5
stcontrol/internal/agent/conflict_evidence.go:71.53,73.3 1 0
stcontrol/internal/agent/conflict_evidence.go:74.2,77.16 4 5
stcontrol/internal/agent/conflict_evidence.go:77.16,79.3 1 0
stcontrol/internal/agent/conflict_evidence.go:80.2,80.64 1 5
stcontrol/internal/agent/conflict_evidence.go:80.64,82.3 1 0
stcontrol/internal/agent/conflict_evidence.go:83.2,84.16 2 5
stcontrol/internal/agent/conflict_evidence.go:84.16,86.3 1 0
stcontrol/internal/agent/conflict_evidence.go:87.2,97.73 3 5
stcontrol/internal/agent/conflict_evidence.go:97.73,99.3 1 0
stcontrol/internal/agent/conflict_resolution.go:100.2,105.16 2 3
stcontrol/internal/agent/conflict_resolution.go:105.16,107.3 1 1
stcontrol/internal/agent/conflict_resolution.go:108.2,111.88 1 2
stcontrol/internal/agent/conflict_resolution.go:111.88,113.3 1 1
stcontrol/internal/agent/conflict_resolution.go:114.2,114.21 1 1
stcontrol/internal/agent/conflict_resolution.go:117.117,123.75 1 4
stcontrol/internal/agent/conflict_resolution.go:123.75,125.3 1 1
stcontrol/internal/agent/conflict_resolution.go:126.2,129.37 4 3
stcontrol/internal/agent/conflict_resolution.go:129.37,131.64 1 6
stcontrol/internal/agent/conflict_resolution.go:131.64,133.4 1 0
stcontrol/internal/agent/conflict_resolution.go:134.3,137.118 4 6
stcontrol/internal/agent/conflict_resolution.go:137.118,139.4 1 0
stcontrol/internal/agent/conflict_resolution.go:141.14,143.3 1 0
stcontrol/internal/agent/conflict_resolution.go:141.2,141.14 1 3
stcontrol/internal/agent/conflict_resolution.go:144.2,152.16 3 3
stcontrol/internal/agent/conflict_resolution.go:152.16,154.3 1 0
stcontrol/internal/agent/conflict_resolution.go:155.2,156.16 2 3
stcontrol/internal/agent/conflict_resolution.go:156.16,158.3 1 0
stcontrol/internal/agent/conflict_resolution.go:159.2,160.52 2 3
stcontrol/internal/agent/conflict_resolution.go:160.52,161.35 1 2
stcontrol/internal/agent/conflict_resolution.go:161.35,163.4 1 1
stcontrol/internal/agent/conflict_resolution.go:164.3,164.13 1 1
stcontrol/internal/agent/conflict_resolution.go:165.32,167.3 1 0
stcontrol/internal/agent/conflict_resolution.go:165.8,165.32 1 1
stcontrol/internal/agent/conflict_resolution.go:168.2,168.43 1 1
stcontrol/internal/agent/conflict_resolution.go:171.110,172.109 1 6
stcontrol/internal/agent/conflict_resolution.go:172.109,174.3 1 1
stcontrol/internal/agent/conflict_resolution.go:175.2,176.59 2 5
stcontrol/internal/agent/conflict_resolution.go:176.59,178.3 1 0
stcontrol/internal/agent/conflict_resolution.go:179.2,180.38 2 5
stcontrol/internal/agent/conflict_resolution.go:180.38,182.3 1 10
stcontrol/internal/agent/conflict_resolution.go:183.2,184.41 2 5
stcontrol/internal/agent/conflict_resolution.go:184.41,186.99 1 5
stcontrol/internal/agent/conflict_resolution.go:186.99,188.4 1 0
stcontrol/internal/agent/conflict_resolution.go:189.3,189.29 1 5
stcontrol/internal/agent/conflict_resolution.go:191.2,192.16 2 5
stcontrol/internal/agent/conflict_resolution.go:192.16,194.3 1 0
stcontrol/internal/agent/conflict_resolution.go:195.2,196.52 2 5
stcontrol/internal/agent/conflict_resolution.go:196.52,197.35 1 3
stcontrol/internal/agent/conflict_resolution.go:197.35,199.4 1 2
stcontrol/internal/agent/conflict_resolution.go:200.3,200.13 1 1
stcontrol/internal/agent/conflict_resolution.go:201.32,203.3 1 0
stcontrol/internal/agent/conflict_resolution.go:201.8,201.32 1 2
stcontrol/internal/agent/conflict_resolution.go:204.2,204.43 1 2
stcontrol/internal/agent/conflict_resolution.go:207.128,208.56 1 5
stcontrol/internal/agent/conflict_resolution.go:208.56,210.3 1 1
stcontrol/internal/agent/conflict_resolution.go:215.2,218.16 4 4
stcontrol/internal/agent/conflict_resolution.go:218.16,220.3 1 1
stcontrol/internal/agent/conflict_resolution.go:221.2,222.76 2 3
stcontrol/internal/agent/conflict_resolution.go:222.76,224.38 1 1
stcontrol/internal/agent/conflict_resolution.go:224.38,226.4 1 0
stcontrol/internal/agent/conflict_resolution.go:227.3,227.22 1 1
stcontrol/internal/agent/conflict_resolution.go:228.32,230.3 1 1
stcontrol/internal/agent/conflict_resolution.go:228.8,228.32 1 2
stcontrol/internal/agent/conflict_resolution.go:231.2,232.16 2 1
stcontrol/internal/agent/conflict_resolution.go:232.16,234.3 1 0
stcontrol/internal/agent/conflict_resolution.go:235.2,236.38 2 1
stcontrol/internal/agent/conflict_resolution.go:236.38,238.17 2 2
stcontrol/internal/agent/conflict_resolution.go:238.17,240.4 1 0
stcontrol/internal/agent/conflict_resolution.go:241.3,241.32 1 2
stcontrol/internal/agent/conflict_resolution.go:243.2,244.51 2 1
stcontrol/internal/agent/conflict_resolution.go:244.51,246.3 1 0
stcontrol/internal/agent/conflict_resolution.go:247.2,247.38 1 1
stcontrol/internal/agent/conflict_resolution.go:247.38,249.3 1 0
stcontrol/internal/agent/conflict_resolution.go:250.2,251.40 2 1
stcontrol/internal/agent/conflict_resolution.go:251.40,252.60 1 4
stcontrol/internal/agent/conflict_resolution.go:252.60,254.4 1 0
stcontrol/internal/agent/conflict_resolution.go:255.3,255.40 1 4
stcontrol/internal/agent/conflict_resolution.go:257.2,258.73 2 1
stcontrol/internal/agent/conflict_resolution.go:258.73,260.3 1 0
stcontrol/internal/agent/conflict_resolution.go:261.2,262.53 2 1
stcontrol/internal/agent/conflict_resolution.go:262.53,264.3 1 0
stcontrol/internal/agent/conflict_resolution.go:265.2,267.52 3 1
stcontrol/internal/agent/conflict_resolution.go:267.52,269.3 1 0
stcontrol/internal/agent/conflict_resolution.go:270.2,271.40 2 1
stcontrol/internal/agent/conflict_resolution.go:271.40,273.119 2 4
stcontrol/internal/agent/conflict_resolution.go:273.119,275.4 1 0
stcontrol/internal/agent/conflict_resolution.go:276.3,276.60 1 4
stcontrol/internal/agent/conflict_resolution.go:278.2,279.16 2 1
stcontrol/internal/agent/conflict_resolution.go:279.16,281.3 1 0
stcontrol/internal/agent/conflict_resolution.go:282.2,283.96 2 1
stcontrol/internal/agent/conflict_resolution.go:283.96,285.3 1 0
stcontrol/internal/agent/conflict_resolution.go:286.2,287.79 2 1
stcontrol/internal/agent/conflict_resolution.go:287.79,289.3 1 0
stcontrol/internal/agent/conflict_resolution.go:290.2,296.16 3 1
stcontrol/internal/agent/conflict_resolution.go:296.16,298.3 1 0
stcontrol/internal/agent/conflict_resolution.go:299.2,299.66 1 1
stcontrol/internal/agent/conflict_resolution.go:299.66,301.3 1 0
stcontrol/internal/agent/conflict_resolution.go:302.2,302.21 1 1
stcontrol/internal/agent/conflict_resolution.go:311.92,314.58 3 7
stcontrol/internal/agent/conflict_resolution.go:314.58,316.3 1 0
stcontrol/internal/agent/conflict_resolution.go:317.2,318.93 2 7
stcontrol/internal/agent/conflict_resolution.go:318.93,320.3 1 2
stcontrol/internal/agent/conflict_resolution.go:321.2,321.54 1 7
stcontrol/internal/agent/conflict_resolution.go:321.54,322.72 1 5
stcontrol/internal/agent/conflict_resolution.go:322.72,323.12 1 2
stcontrol/internal/agent/conflict_resolution.go:328.3,328.59 1 3
stcontrol/internal/agent/conflict_resolution.go:328.59,330.4 1 2
stcontrol/internal/agent/conflict_resolution.go:332.2,332.12 1 5
stcontrol/internal/agent/conflict_resolution.go:335.80,336.29 1 14
stcontrol/internal/agent/conflict_resolution.go:336.29,338.3 1 0
stcontrol/internal/agent/conflict_resolution.go:339.2,341.28 3 14
stcontrol/internal/agent/conflict_resolution.go:341.28,343.3 1 0
stcontrol/internal/agent/conflict_resolution.go:344.2,344.18 1 14
stcontrol/internal/agent/conflict_resolution.go:347.104,349.16 2 9
stcontrol/internal/agent/conflict_resolution.go:349.16,351.3 1 0
stcontrol/internal/agent/conflict_resolution.go:352.2,356.112 2 9
stcontrol/internal/agent/conflict_resolution.go:356.112,358.3 1 1
stcontrol/internal/agent/conflict_resolution.go:359.2,359.24 1 8
stcontrol/internal/agent/conflict_resolution.go:368.41,371.35 3 8
stcontrol/internal/agent/conflict_resolution.go:371.35,373.17 2 4
stcontrol/internal/agent/conflict_resolution.go:373.17,375.4 1 0
stcontrol/internal/agent/conflict_resolution.go:376.3,379.70 2 4
stcontrol/internal/agent/conflict_resolution.go:379.70,381.4 1 0
stcontrol/internal/agent/conflict_resolution.go:382.3,382.80 1 4
stcontrol/internal/agent/conflict_resolution.go:382.80,384.4 1 0
stcontrol/internal/agent/conflict_resolution.go:385.3,386.25 2 4
stcontrol/internal/agent/conflict_resolution.go:387.8,389.43 2 4
stcontrol/internal/agent/conflict_resolution.go:389.43,391.4 1 0
stcontrol/internal/agent/conflict_resolution.go:392.3,396.91 2 4
stcontrol/internal/agent/conflict_resolution.go:396.91,398.4 1 0
stcontrol/internal/agent/conflict_resolution.go:399.3,400.17 2 4
stcontrol/internal/agent/conflict_resolution.go:400.17,402.4 1 0
stcontrol/internal/agent/conflict_resolution.go:403.3,404.79 2 4
stcontrol/internal/agent/conflict_resolution.go:404.79,406.4 1 0
stcontrol/internal/agent/conflict_resolution.go:407.3,407.91 1 4
stcontrol/internal/agent/conflict_resolution.go:407.91,409.4 1 0
stcontrol/internal/agent/conflict_resolution.go:410.3,411.34 2 4
stcontrol/internal/agent/conflict_resolution.go:413.2,414.30 2 8
stcontrol/internal/agent/conflict_resolution.go:414.30,415.46 1 16
stcontrol/internal/agent/conflict_resolution.go:415.46,417.4 1 0
stcontrol/internal/agent/conflict_resolution.go:418.3,418.29 1 16
stcontrol/internal/agent/conflict_resolution.go:420.2,420.84 1 8
stcontrol/internal/agent/conflict_resolution.go:427.50,429.38 2 3
stcontrol/internal/agent/conflict_resolution.go:429.38,431.10 2 6
stcontrol/internal/agent/conflict_resolution.go:431.10,433.4 1 0
stcontrol/internal/agent/conflict_resolution.go:434.3,434.33 1 6
stcontrol/internal/agent/conflict_resolution.go:434.33,436.4 1 12
stcontrol/internal/agent/conflict_resolution.go:438.2,439.29 2 3
stcontrol/internal/agent/conflict_resolution.go:439.29,441.3 1 9
stcontrol/internal/agent/conflict_resolution.go:442.2,445.29 4 3
stcontrol/internal/agent/conflict_resolution.go:445.29,447.3 1 9
stcontrol/internal/agent/conflict_resolution.go:448.2,449.29 2 3
stcontrol/internal/agent/conflict_resolution.go:449.29,452.39 3 7
stcontrol/internal/agent/conflict_resolution.go:452.39,453.60 1 14
stcontrol/internal/agent/conflict_resolution.go:453.60,456.5 2 9
stcontrol/internal/agent/conflict_resolution.go:458.3,460.25 3 7
stcontrol/internal/agent/conflict_resolution.go:460.25,461.19 1 5
stcontrol/internal/agent/conflict_resolution.go:461.19,463.5 1 1
stcontrol/internal/agent/conflict_resolution.go:464.4,464.58 1 4
stcontrol/internal/agent/conflict_resolution.go:464.58,466.5 1 2
stcontrol/internal/agent/conflict_resolution.go:466.10,466.36 1 2
stcontrol/internal/agent/conflict_resolution.go:466.36,468.5 1 2
stcontrol/internal/agent/conflict_resolution.go:469.25,471.77 1 2
stcontrol/internal/agent/conflict_resolution.go:469.9,469.25 1 2
stcontrol/internal/agent/conflict_resolution.go:471.77,473.5 1 0
stcontrol/internal/agent/conflict_resolution.go:474.4,475.19 2 2
stcontrol/internal/agent/conflict_resolution.go:476.64,478.4 1 0
stcontrol/internal/agent/conflict_resolution.go:476.9,476.64 1 0
stcontrol/internal/agent/conflict_resolution.go:478.9,480.4 1 0
stcontrol/internal/agent/conflict_resolution.go:481.3,482.10 2 6
stcontrol/internal/agent/conflict_resolution.go:482.10,484.4 1 0
stcontrol/internal/agent/conflict_resolution.go:485.3,488.41 3 6
stcontrol/internal/agent/conflict_resolution.go:488.41,489.12 1 4
stcontrol/internal/agent/conflict_resolution.go:491.3,492.39 2 2
stcontrol/internal/agent/conflict_resolution.go:492.39,494.11 2 4
stcontrol/internal/agent/conflict_resolution.go:494.11,495.13 1 0
stcontrol/internal/agent/conflict_resolution.go:497.4,498.55 2 4
stcontrol/internal/agent/conflict_resolution.go:498.55,499.13 1 2
stcontrol/internal/agent/conflict_resolution.go:501.4,502.18 2 2
stcontrol/internal/agent/conflict_resolution.go:502.18,504.5 1 0
stcontrol/internal/agent/conflict_resolution.go:505.4,508.43 4 2
stcontrol/internal/agent/conflict_resolution.go:511.2,511.43 1 2
stcontrol/internal/agent/conflict_resolution.go:511.43,511.101 1 10
stcontrol/internal/agent/conflict_resolution.go:512.2,512.37 1 2
stcontrol/internal/agent/conflict_resolution.go:515.124,516.73 1 2
stcontrol/internal/agent/conflict_resolution.go:516.73,518.3 1 0
stcontrol/internal/agent/conflict_resolution.go:519.2,520.43 2 2
stcontrol/internal/agent/conflict_resolution.go:520.43,522.17 2 2
stcontrol/internal/agent/conflict_resolution.go:522.17,524.4 1 0
stcontrol/internal/agent/conflict_resolution.go:525.3,525.34 1 2
stcontrol/internal/agent/conflict_resolution.go:525.34,527.4 1 0
stcontrol/internal/agent/conflict_resolution.go:528.3,528.47 1 2
stcontrol/internal/agent/conflict_resolution.go:528.47,529.12 1 0
stcontrol/internal/agent/conflict_resolution.go:531.3,532.24 2 2
stcontrol/internal/agent/conflict_resolution.go:534.2,534.60 1 0
stcontrol/internal/agent/conflict_resolution.go:54.45,58.82 1 5
stcontrol/internal/agent/conflict_resolution.go:540.59,543.70 3 2
stcontrol/internal/agent/conflict_resolution.go:543.70,546.104 3 2
stcontrol/internal/agent/conflict_resolution.go:546.104,548.4 1 0
stcontrol/internal/agent/conflict_resolution.go:549.3,549.33 1 2
stcontrol/internal/agent/conflict_resolution.go:549.33,551.77 1 2
stcontrol/internal/agent/conflict_resolution.go:551.77,553.5 1 0
stcontrol/internal/agent/conflict_resolution.go:554.4,554.47 1 2
stcontrol/internal/agent/conflict_resolution.go:554.47,556.5 1 0
stcontrol/internal/agent/conflict_resolution.go:557.4,558.11 2 2
stcontrol/internal/agent/conflict_resolution.go:561.2,561.33 1 2
stcontrol/internal/agent/conflict_resolution.go:561.33,563.3 1 0
stcontrol/internal/agent/conflict_resolution.go:564.2,564.17 1 2
stcontrol/internal/agent/conflict_resolution.go:567.121,568.130 1 5
stcontrol/internal/agent/conflict_resolution.go:568.130,570.3 1 0
stcontrol/internal/agent/conflict_resolution.go:571.2,573.79 3 5
stcontrol/internal/agent/conflict_resolution.go:573.79,575.3 1 0
stcontrol/internal/agent/conflict_resolution.go:576.2,577.108 2 5
stcontrol/internal/agent/conflict_resolution.go:577.108,579.3 1 0
stcontrol/internal/agent/conflict_resolution.go:58.82,60.3 1 2
stcontrol/internal/agent/conflict_resolution.go:580.2,580.69 1 5
stcontrol/internal/agent/conflict_resolution.go:580.69,582.3 1 0
stcontrol/internal/agent/conflict_resolution.go:583.2,584.16 2 5
stcontrol/internal/agent/conflict_resolution.go:584.16,586.3 1 0
stcontrol/internal/agent/conflict_resolution.go:587.2,589.16 3 5
stcontrol/internal/agent/conflict_resolution.go:589.16,591.3 1 0
stcontrol/internal/agent/conflict_resolution.go:592.2,596.100 5 5
stcontrol/internal/agent/conflict_resolution.go:596.100,598.3 1 0
stcontrol/internal/agent/conflict_resolution.go:599.2,599.12 1 5
stcontrol/internal/agent/conflict_resolution.go:602.61,603.34 1 5
stcontrol/internal/agent/conflict_resolution.go:603.34,605.3 1 0
stcontrol/internal/agent/conflict_resolution.go:606.2,606.63 1 5
stcontrol/internal/agent/conflict_resolution.go:606.63,608.3 1 0
stcontrol/internal/agent/conflict_resolution.go:609.2,610.16 2 5
stcontrol/internal/agent/conflict_resolution.go:61.2,62.16 2 3
stcontrol/internal/agent/conflict_resolution.go:610.16,612.3 1 0
stcontrol/internal/agent/conflict_resolution.go:613.2,614.15 2 5
stcontrol/internal/agent/conflict_resolution.go:614.15,614.47 1 5
stcontrol/internal/agent/conflict_resolution.go:615.2,615.47 1 5
stcontrol/internal/agent/conflict_resolution.go:615.47,618.3 2 0
stcontrol/internal/agent/conflict_resolution.go:619.2,619.49 1 5
stcontrol/internal/agent/conflict_resolution.go:619.49,622.3 2 0
stcontrol/internal/agent/conflict_resolution.go:62.16,64.3 1 0
stcontrol/internal/agent/conflict_resolution.go:623.2,623.41 1 5
stcontrol/internal/agent/conflict_resolution.go:623.41,626.3 2 0
stcontrol/internal/agent/conflict_resolution.go:627.2,627.42 1 5
stcontrol/internal/agent/conflict_resolution.go:627.42,629.3 1 0
stcontrol/internal/agent/conflict_resolution.go:630.2,630.39 1 5
stcontrol/internal/agent/conflict_resolution.go:633.72,636.46 2 14
stcontrol/internal/agent/conflict_resolution.go:636.46,637.17 1 2
stcontrol/internal/agent/conflict_resolution.go:637.17,639.4 1 2
stcontrol/internal/agent/conflict_resolution.go:640.3,640.50 1 0
stcontrol/internal/agent/conflict_resolution.go:642.2,643.16 2 12
stcontrol/internal/agent/conflict_resolution.go:643.16,645.3 1 0
stcontrol/internal/agent/conflict_resolution.go:646.2,648.85 3 12
stcontrol/internal/agent/conflict_resolution.go:648.85,650.3 1 0
stcontrol/internal/agent/conflict_resolution.go:65.2,67.113 2 3
stcontrol/internal/agent/conflict_resolution.go:651.2,651.12 1 12
stcontrol/internal/agent/conflict_resolution.go:654.93,656.70 2 3
stcontrol/internal/agent/conflict_resolution.go:656.70,657.25 1 1
stcontrol/internal/agent/conflict_resolution.go:657.25,659.4 1 1
stcontrol/internal/agent/conflict_resolution.go:660.3,660.97 1 0
stcontrol/internal/agent/conflict_resolution.go:662.2,664.32 1 2
stcontrol/internal/agent/conflict_resolution.go:664.32,666.3 1 1
stcontrol/internal/agent/conflict_resolution.go:667.2,667.21 1 1
stcontrol/internal/agent/conflict_resolution.go:67.113,69.3 1 0
stcontrol/internal/agent/conflict_resolution.go:670.50,675.2 3 8
stcontrol/internal/agent/conflict_resolution.go:70.2,70.80 1 3
stcontrol/internal/agent/conflict_resolution.go:70.80,72.3 1 0
stcontrol/internal/agent/conflict_resolution.go:73.2,80.16 3 3
stcontrol/internal/agent/conflict_resolution.go:80.16,82.3 1 0
stcontrol/internal/agent/conflict_resolution.go:83.2,85.16 3 3
stcontrol/internal/agent/conflict_resolution.go:85.16,87.3 1 0
stcontrol/internal/agent/conflict_resolution.go:88.2,88.53 1 3
stcontrol/internal/agent/conflict_resolution.go:88.53,90.3 1 0
stcontrol/internal/agent/conflict_resolution.go:91.2,93.106 3 3
stcontrol/internal/agent/conflict_resolution.go:93.106,95.3 1 0
stcontrol/internal/agent/conflict_resolution.go:96.2,97.16 2 3
stcontrol/internal/agent/conflict_resolution.go:97.16,99.3 1 0
stcontrol/internal/agent/control_mode.go:100.47,104.2 3 1
stcontrol/internal/agent/control_mode.go:106.46,111.2 3 8
stcontrol/internal/agent/control_mode.go:113.57,116.58 3 2
stcontrol/internal/agent/control_mode.go:116.58,118.3 1 2
stcontrol/internal/agent/control_mode.go:119.2,120.48 1 0
stcontrol/internal/agent/control_mode.go:126.64,127.21 1 15
stcontrol/internal/agent/control_mode.go:132.33,133.14 1 9
stcontrol/internal/agent/control_mode.go:134.10,135.15 1 6
stcontrol/internal/agent/control_mode.go:144.107,149.23 5 25
stcontrol/internal/agent/control_mode.go:149.23,151.3 1 19
stcontrol/internal/agent/control_mode.go:151.8,153.3 1 6
stcontrol/internal/agent/control_mode.go:154.2,154.46 1 25
stcontrol/internal/agent/control_mode.go:154.46,155.88 1 17
stcontrol/internal/agent/control_mode.go:155.88,157.4 1 6
stcontrol/internal/agent/control_mode.go:158.3,158.38 1 17
stcontrol/internal/agent/control_mode.go:159.8,162.3 2 8
stcontrol/internal/agent/control_mode.go:163.2,163.36 1 25
stcontrol/internal/agent/control_mode.go:163.36,165.3 1 6
stcontrol/internal/agent/control_mode.go:166.2,169.46 4 25
stcontrol/internal/agent/control_mode.go:169.46,171.3 1 17
stcontrol/internal/agent/control_mode.go:172.2,178.90 3 25
stcontrol/internal/agent/control_mode.go:178.90,181.3 2 1
stcontrol/internal/agent/control_mode.go:182.2,182.76 1 25
stcontrol/internal/agent/control_mode.go:182.76,185.3 2 6
stcontrol/internal/agent/control_mode.go:186.2,190.59 1 25
stcontrol/internal/agent/control_mode.go:190.59,193.38 3 5
stcontrol/internal/agent/control_mode.go:193.38,195.4 1 5
stcontrol/internal/agent/control_mode.go:197.2,197.24 1 25
stcontrol/internal/agent/control_mode.go:197.24,202.3 4 11
stcontrol/internal/agent/control_mode.go:203.2,204.35 2 25
stcontrol/internal/agent/control_mode.go:207.99,208.94 1 8
stcontrol/internal/agent/control_mode.go:208.94,210.3 1 1
stcontrol/internal/agent/control_mode.go:211.2,211.81 1 7
stcontrol/internal/agent/control_mode.go:211.81,213.3 1 0
stcontrol/internal/agent/control_mode.go:214.2,214.74 1 7
stcontrol/internal/agent/control_mode.go:214.74,216.3 1 0
stcontrol/internal/agent/control_mode.go:217.2,218.70 2 7
stcontrol/internal/agent/control_mode.go:218.70,219.30 1 1
stcontrol/internal/agent/control_mode.go:219.30,221.4 1 0
stcontrol/internal/agent/control_mode.go:222.3,222.61 1 1
stcontrol/internal/agent/control_mode.go:222.61,224.4 1 0
stcontrol/internal/agent/control_mode.go:225.3,225.49 1 1
stcontrol/internal/agent/control_mode.go:227.2,230.52 4 7
stcontrol/internal/agent/control_mode.go:230.52,232.3 1 0
stcontrol/internal/agent/control_mode.go:233.2,236.87 2 7
stcontrol/internal/agent/control_mode.go:236.87,238.3 1 0
stcontrol/internal/agent/control_mode.go:239.2,240.71 1 7
stcontrol/internal/agent/control_mode.go:240.71,242.3 1 1
stcontrol/internal/agent/control_mode.go:243.2,243.78 1 6
stcontrol/internal/agent/control_mode.go:243.78,245.3 1 0
stcontrol/internal/agent/control_mode.go:246.2,246.74 1 6
stcontrol/internal/agent/control_mode.go:246.74,248.3 1 2
stcontrol/internal/agent/control_mode.go:249.2,249.48 1 4
stcontrol/internal/agent/control_mode.go:249.48,251.57 2 1
stcontrol/internal/agent/control_mode.go:251.57,253.4 1 1
stcontrol/internal/agent/control_mode.go:255.2,262.27 8 4
stcontrol/internal/agent/control_mode.go:262.27,267.18 5 2
stcontrol/internal/agent/control_mode.go:268.33,270.40 2 0
stcontrol/internal/agent/control_mode.go:271.45,272.45 1 2
stcontrol/internal/agent/control_mode.go:275.2,275.35 1 4
stcontrol/internal/agent/control_mode.go:278.66,283.98 5 2
stcontrol/internal/agent/control_mode.go:283.98,285.3 1 1
stcontrol/internal/agent/control_mode.go:286.2,286.29 1 1
stcontrol/internal/agent/control_mode.go:286.29,293.3 6 0
stcontrol/internal/agent/control_mode.go:294.2,300.16 3 1
stcontrol/internal/agent/control_mode.go:300.16,302.3 1 0
stcontrol/internal/agent/control_mode.go:303.2,304.75 1 1
stcontrol/internal/agent/control_mode.go:304.75,306.3 1 0
stcontrol/internal/agent/control_mode.go:307.2,309.106 3 1
stcontrol/internal/agent/control_mode.go:309.106,311.3 1 0
stcontrol/internal/agent/control_mode.go:312.2,316.35 5 1
stcontrol/internal/agent/control_mode.go:37.90,39.37 2 25
stcontrol/internal/agent/control_mode.go:39.37,41.3 1 0
stcontrol/internal/agent/control_mode.go:42.2,42.62 1 25
stcontrol/internal/agent/control_mode.go:42.62,44.3 1 0
stcontrol/internal/agent/control_mode.go:45.2,45.36 1 25
stcontrol/internal/agent/control_mode.go:45.36,47.3 1 0
stcontrol/internal/agent/control_mode.go:48.2,52.3 1 25
stcontrol/internal/agent/control_mode.go:55.45,56.14 1 279
stcontrol/internal/agent/control_mode.go:58.70,59.14 1 279
stcontrol/internal/agent/control_mode.go:60.10,61.15 1 0
stcontrol/internal/agent/control_mode.go:65.68,70.55 5 16
stcontrol/internal/agent/control_mode.go:70.55,71.49 1 1
stcontrol/internal/agent/control_mode.go:71.49,72.12 1 0
stcontrol/internal/agent/control_mode.go:74.3,81.5 1 1
stcontrol/internal/agent/control_mode.go:83.2,97.3 1 16
stcontrol/internal/agent/controller_backup.go:100.2,103.51 4 3
stcontrol/internal/agent/controller_backup.go:103.51,105.3 1 0
stcontrol/internal/agent/controller_backup.go:106.2,106.15 1 3
stcontrol/internal/agent/controller_backup.go:109.73,113.9 4 4
stcontrol/internal/agent/controller_backup.go:113.9,115.3 1 0
stcontrol/internal/agent/controller_backup.go:116.2,119.35 4 4
stcontrol/internal/agent/controller_backup.go:128.45,130.41 1 4
stcontrol/internal/agent/controller_backup.go:130.41,132.3 1 0
stcontrol/internal/agent/controller_backup.go:133.2,135.16 3 4
stcontrol/internal/agent/controller_backup.go:135.16,137.3 1 1
stcontrol/internal/agent/controller_backup.go:138.2,139.49 2 3
stcontrol/internal/agent/controller_backup.go:139.49,142.3 2 0
stcontrol/internal/agent/controller_backup.go:143.2,145.16 3 3
stcontrol/internal/agent/controller_backup.go:145.16,148.3 2 0
stcontrol/internal/agent/controller_backup.go:149.2,153.103 5 3
stcontrol/internal/agent/controller_backup.go:153.103,156.3 2 0
stcontrol/internal/agent/controller_backup.go:157.2,160.95 4 3
stcontrol/internal/agent/controller_backup.go:160.95,163.3 2 1
stcontrol/internal/agent/controller_backup.go:164.2,164.75 1 2
stcontrol/internal/agent/controller_backup.go:164.75,167.3 2 0
stcontrol/internal/agent/controller_backup.go:168.2,168.75 1 2
stcontrol/internal/agent/controller_backup.go:168.75,170.3 1 0
stcontrol/internal/agent/controller_backup.go:171.2,176.21 2 2
stcontrol/internal/agent/controller_backup.go:32.52,34.2 1 9
stcontrol/internal/agent/controller_backup.go:36.84,41.54 1 14
stcontrol/internal/agent/controller_backup.go:41.54,43.3 1 8
stcontrol/internal/agent/controller_backup.go:44.2,44.79 1 6
stcontrol/internal/agent/controller_backup.go:44.79,46.3 1 1
stcontrol/internal/agent/controller_backup.go:47.2,47.12 1 5
stcontrol/internal/agent/controller_backup.go:53.90,57.66 4 7
stcontrol/internal/agent/controller_backup.go:57.66,61.88 2 2
stcontrol/internal/agent/controller_backup.go:61.88,63.4 1 1
stcontrol/internal/agent/controller_backup.go:69.3,69.68 1 1
stcontrol/internal/agent/controller_backup.go:69.68,71.4 1 0
stcontrol/internal/agent/controller_backup.go:73.2,79.35 3 6
stcontrol/internal/agent/controller_backup.go:85.116,89.61 4 5
stcontrol/internal/agent/controller_backup.go:89.61,91.3 1 1
stcontrol/internal/agent/controller_backup.go:92.2,93.44 2 4
stcontrol/internal/agent/controller_backup.go:93.44,95.3 1 1
stcontrol/internal/agent/controller_backup.go:96.2,97.31 2 3
stcontrol/internal/agent/controller_backup.go:97.31,99.3 1 0
stcontrol/internal/agent/heartbeat.go:102.2,102.76 1 1
stcontrol/internal/agent/heartbeat.go:102.76,104.3 1 0
stcontrol/internal/agent/heartbeat.go:105.2,130.107 3 1
stcontrol/internal/agent/heartbeat.go:130.107,131.23 1 1
stcontrol/internal/agent/heartbeat.go:131.23,133.4 1 1
stcontrol/internal/agent/heartbeat.go:134.3,136.24 3 0
stcontrol/internal/agent/heartbeat.go:136.24,138.4 1 0
stcontrol/internal/agent/heartbeat.go:139.119,141.4 1 0
stcontrol/internal/agent/heartbeat.go:139.3,139.119 1 0
stcontrol/internal/agent/heartbeat.go:142.3,142.62 1 0
stcontrol/internal/agent/heartbeat.go:142.62,144.4 1 0
stcontrol/internal/agent/heartbeat.go:145.3,146.9 2 0
stcontrol/internal/agent/heartbeat.go:148.2,148.78 1 0
stcontrol/internal/agent/heartbeat.go:148.78,151.3 2 0
stcontrol/internal/agent/heartbeat.go:152.2,152.76 1 0
stcontrol/internal/agent/heartbeat.go:152.76,154.3 1 0
stcontrol/internal/agent/heartbeat.go:155.2,155.53 1 0
stcontrol/internal/agent/heartbeat.go:155.53,157.3 1 0
stcontrol/internal/agent/heartbeat.go:158.2,158.56 1 0
stcontrol/internal/agent/heartbeat.go:158.56,160.3 1 0
stcontrol/internal/agent/heartbeat.go:161.2,161.68 1 0
stcontrol/internal/agent/heartbeat.go:161.68,163.3 1 0
stcontrol/internal/agent/heartbeat.go:168.42,172.2 3 6
[...]
stcontrol/internal/store/user_data_faults.go:124.22,127.3 2 50
stcontrol/internal/store/user_data_faults.go:128.2,128.29 1 114
stcontrol/internal/store/user_data_faults.go:128.29,131.3 2 40
stcontrol/internal/store/user_data_faults.go:132.2,132.32 1 114
stcontrol/internal/store/user_data_faults.go:132.32,135.3 2 8
stcontrol/internal/store/user_data_faults.go:136.2,136.29 1 114
stcontrol/internal/store/user_data_faults.go:136.29,139.3 2 2
stcontrol/internal/store/user_data_faults.go:140.2,140.29 1 114
stcontrol/internal/store/user_data_faults.go:140.29,142.3 1 44
stcontrol/internal/store/user_data_faults.go:143.2,143.12 1 114
stcontrol/internal/store/user_data_faults.go:149.33,152.43 1 11
stcontrol/internal/store/user_data_faults.go:152.43,154.3 1 1
stcontrol/internal/store/user_data_faults.go:155.2,155.20 1 10
stcontrol/internal/store/user_data_faults.go:155.20,157.3 1 0
stcontrol/internal/store/user_data_faults.go:158.2,159.16 2 10
stcontrol/internal/store/user_data_faults.go:159.16,161.3 1 1
stcontrol/internal/store/user_data_faults.go:162.15,162.36 1 9
stcontrol/internal/store/user_data_faults.go:162.2,162.15 1 9
stcontrol/internal/store/user_data_faults.go:164.2,168.16 3 9
stcontrol/internal/store/user_data_faults.go:168.16,172.38 2 4
stcontrol/internal/store/user_data_faults.go:172.38,174.4 1 0
stcontrol/internal/store/user_data_faults.go:175.3,177.50 1 4
stcontrol/internal/store/user_data_faults.go:177.50,179.4 1 2
stcontrol/internal/store/user_data_faults.go:180.3,181.37 2 2
stcontrol/internal/store/user_data_faults.go:181.37,183.4 1 0
stcontrol/internal/store/user_data_faults.go:184.3,184.23 1 2
stcontrol/internal/store/user_data_faults.go:186.2,186.26 1 5
stcontrol/internal/store/user_data_faults.go:186.26,188.3 1 0
stcontrol/internal/store/user_data_faults.go:190.2,209.26 6 5
stcontrol/internal/store/user_data_faults.go:209.26,211.3 1 0
stcontrol/internal/store/user_data_faults.go:212.16,214.3 1 0
stcontrol/internal/store/user_data_faults.go:212.2,212.16 1 5
stcontrol/internal/store/user_data_faults.go:215.2,216.92 2 5
stcontrol/internal/store/user_data_faults.go:216.92,218.3 1 1
stcontrol/internal/store/user_data_faults.go:219.2,224.83 2 5
stcontrol/internal/store/user_data_faults.go:224.83,226.3 1 0
stcontrol/internal/store/user_data_faults.go:227.2,227.30 1 5
stcontrol/internal/store/user_data_faults.go:227.30,229.3 1 0
stcontrol/internal/store/user_data_faults.go:230.2,236.16 3 5
stcontrol/internal/store/user_data_faults.go:236.16,238.3 1 2
stcontrol/internal/store/user_data_faults.go:239.2,239.26 1 4
stcontrol/internal/store/user_data_faults.go:239.26,241.3 1 0
stcontrol/internal/store/user_data_faults.go:242.2,244.108 2 4
stcontrol/internal/store/user_data_faults.go:244.108,245.27 1 0
stcontrol/internal/store/user_data_faults.go:245.27,247.4 1 0
stcontrol/internal/store/user_data_faults.go:248.3,248.18 1 0
stcontrol/internal/store/user_data_faults.go:251.2,260.48 2 4
stcontrol/internal/store/user_data_faults.go:260.48,262.3 1 0
stcontrol/internal/store/user_data_faults.go:263.2,267.102 1 4
stcontrol/internal/store/user_data_faults.go:267.102,269.3 1 0
stcontrol/internal/store/user_data_faults.go:270.2,281.68 1 4
stcontrol/internal/store/user_data_faults.go:281.68,283.3 1 0
stcontrol/internal/store/user_data_faults.go:284.2,287.74 1 4
stcontrol/internal/store/user_data_faults.go:287.74,289.3 1 0
stcontrol/internal/store/user_data_faults.go:290.2,292.102 1 4
stcontrol/internal/store/user_data_faults.go:292.102,294.3 1 0
stcontrol/internal/store/user_data_faults.go:295.2,297.75 1 4
stcontrol/internal/store/user_data_faults.go:297.75,299.3 1 0
stcontrol/internal/store/user_data_faults.go:300.2,312.54 1 4
stcontrol/internal/store/user_data_faults.go:312.54,314.3 1 0
stcontrol/internal/store/user_data_faults.go:315.2,325.71 1 4
stcontrol/internal/store/user_data_faults.go:325.71,327.3 1 0
stcontrol/internal/store/user_data_faults.go:328.2,328.36 1 4
stcontrol/internal/store/user_data_faults.go:328.36,330.3 1 0
stcontrol/internal/store/user_data_faults.go:331.2,331.45 1 4
stcontrol/internal/store/user_data_faults.go:334.105,335.29 1 112
stcontrol/internal/store/user_data_faults.go:335.29,337.3 1 1
stcontrol/internal/store/user_data_faults.go:338.2,341.26 3 112
stcontrol/internal/store/user_data_faults.go:341.26,343.3 1 0
stcontrol/internal/store/user_data_faults.go:344.16,346.3 1 1
stcontrol/internal/store/user_data_faults.go:344.2,344.16 1 112
stcontrol/internal/store/user_data_faults.go:347.2,347.20 1 112
stcontrol/internal/store/user_data_faults.go:350.112,351.30 1 5
stcontrol/internal/store/user_data_faults.go:351.30,353.3 1 1
stcontrol/internal/store/user_data_faults.go:354.2,359.26 3 4
stcontrol/internal/store/user_data_faults.go:359.26,361.3 1 3
stcontrol/internal/store/user_data_faults.go:362.16,364.3 1 1
stcontrol/internal/store/user_data_faults.go:362.2,362.16 1 1
stcontrol/internal/store/user_data_faults.go:365.2,365.20 1 1
stcontrol/internal/store/user_data_faults.go:368.99,369.32 1 7
stcontrol/internal/store/user_data_faults.go:369.32,371.3 1 0
stcontrol/internal/store/user_data_faults.go:372.2,380.16 2 7
stcontrol/internal/store/user_data_faults.go:380.16,382.3 1 2
stcontrol/internal/store/user_data_faults.go:383.2,385.18 3 5
stcontrol/internal/store/user_data_faults.go:385.18,387.40 2 1
stcontrol/internal/store/user_data_faults.go:387.40,389.4 1 0
stcontrol/internal/store/user_data_faults.go:390.3,390.24 1 1
stcontrol/internal/store/user_data_faults.go:392.2,392.24 1 5
stcontrol/internal/store/user_data_faults.go:424.31,426.45 1 6
stcontrol/internal/store/user_data_faults.go:426.45,428.3 1 1
stcontrol/internal/store/user_data_faults.go:429.18,431.3 1 0
stcontrol/internal/store/user_data_faults.go:429.2,429.18 1 5
stcontrol/internal/store/user_data_faults.go:432.2,468.26 3 5
stcontrol/internal/store/user_data_faults.go:468.26,470.3 1 1
stcontrol/internal/store/user_data_faults.go:471.16,473.3 1 1
stcontrol/internal/store/user_data_faults.go:471.2,471.16 1 5
stcontrol/internal/store/user_data_faults.go:474.2,474.19 1 4
stcontrol/internal/store/user_data_faults.go:477.106,478.32 1 4
stcontrol/internal/store/user_data_faults.go:478.32,480.3 1 0
stcontrol/internal/store/user_data_faults.go:481.2,490.16 2 4
stcontrol/internal/store/user_data_faults.go:490.16,492.3 1 1
stcontrol/internal/store/user_data_faults.go:493.2,495.18 3 4
stcontrol/internal/store/user_data_faults.go:495.18,497.40 2 3
stcontrol/internal/store/user_data_faults.go:497.40,499.4 1 0
stcontrol/internal/store/user_data_faults.go:500.3,500.24 1 3
stcontrol/internal/store/user_data_faults.go:502.2,502.24 1 4
stcontrol/internal/store/user_data_faults.go:510.38,512.45 1 4
stcontrol/internal/store/user_data_faults.go:512.45,514.3 1 1
stcontrol/internal/store/user_data_faults.go:515.18,517.3 1 0
stcontrol/internal/store/user_data_faults.go:515.2,515.18 1 3
stcontrol/internal/store/user_data_faults.go:518.2,556.26 3 3
stcontrol/internal/store/user_data_faults.go:556.26,558.3 1 1
stcontrol/internal/store/user_data_faults.go:559.16,561.3 1 1
stcontrol/internal/store/user_data_faults.go:559.2,559.16 1 3
stcontrol/internal/store/user_data_faults.go:562.2,562.19 1 3
stcontrol/internal/store/user_data_faults.go:569.33,570.94 1 6
stcontrol/internal/store/user_data_faults.go:570.94,572.3 1 1
stcontrol/internal/store/user_data_faults.go:573.18,575.3 1 0
stcontrol/internal/store/user_data_faults.go:573.2,573.18 1 5
stcontrol/internal/store/user_data_faults.go:576.2,577.16 2 5
stcontrol/internal/store/user_data_faults.go:577.16,579.3 1 1
stcontrol/internal/store/user_data_faults.go:580.15,580.36 1 4
stcontrol/internal/store/user_data_faults.go:580.2,580.15 1 4
stcontrol/internal/store/user_data_faults.go:581.2,607.26 4 4
stcontrol/internal/store/user_data_faults.go:607.26,609.3 1 1
stcontrol/internal/store/user_data_faults.go:610.16,612.3 1 0
stcontrol/internal/store/user_data_faults.go:610.2,610.16 1 3
stcontrol/internal/store/user_data_faults.go:613.2,621.87 1 3
stcontrol/internal/store/user_data_faults.go:621.87,623.3 1 0
stcontrol/internal/store/user_data_faults.go:624.2,624.36 1 3
stcontrol/internal/store/user_data_faults.go:624.36,626.3 1 0
stcontrol/internal/store/user_data_faults.go:627.2,627.45 1 3
stcontrol/internal/store/user_data_faults.go:635.9,637.85 1 4
stcontrol/internal/store/user_data_faults.go:637.85,639.3 1 1
stcontrol/internal/store/user_data_faults.go:640.18,642.3 1 0
stcontrol/internal/store/user_data_faults.go:640.2,640.18 1 3
stcontrol/internal/store/user_data_faults.go:643.2,652.16 2 3
stcontrol/internal/store/user_data_faults.go:652.16,654.3 1 1
stcontrol/internal/store/user_data_faults.go:655.2,656.16 2 2
stcontrol/internal/store/user_data_faults.go:656.16,658.3 1 0
stcontrol/internal/store/user_data_faults.go:659.15,661.3 1 1
stcontrol/internal/store/user_data_faults.go:659.2,659.15 1 2
stcontrol/internal/store/user_data_faults.go:662.2,662.12 1 1
stcontrol/internal/store/user_data_faults.go:669.9,670.95 1 4
stcontrol/internal/store/user_data_faults.go:670.95,672.3 1 1
stcontrol/internal/store/user_data_faults.go:673.18,675.3 1 0
stcontrol/internal/store/user_data_faults.go:673.2,673.18 1 3
stcontrol/internal/store/user_data_faults.go:676.2,677.16 2 3
stcontrol/internal/store/user_data_faults.go:677.16,679.3 1 1
stcontrol/internal/store/user_data_faults.go:680.15,680.36 1 2
stcontrol/internal/store/user_data_faults.go:680.2,680.15 1 2
stcontrol/internal/store/user_data_faults.go:681.2,683.114 2 2
stcontrol/internal/store/user_data_faults.go:683.114,684.27 1 0
stcontrol/internal/store/user_data_faults.go:684.27,686.4 1 0
stcontrol/internal/store/user_data_faults.go:687.3,687.13 1 0
stcontrol/internal/store/user_data_faults.go:689.2,699.26 6 2
stcontrol/internal/store/user_data_faults.go:699.26,701.3 1 0
stcontrol/internal/store/user_data_faults.go:702.16,704.3 1 0
stcontrol/internal/store/user_data_faults.go:702.2,702.16 1 2
stcontrol/internal/store/user_data_faults.go:705.2,706.50 1 2
stcontrol/internal/store/user_data_faults.go:706.50,708.3 1 1
stcontrol/internal/store/user_data_faults.go:709.2,712.66 1 2
stcontrol/internal/store/user_data_faults.go:712.66,714.3 1 0
stcontrol/internal/store/user_data_faults.go:715.2,724.16 2 2
stcontrol/internal/store/user_data_faults.go:724.16,726.3 1 0
stcontrol/internal/store/user_data_faults.go:727.2,728.16 2 2
stcontrol/internal/store/user_data_faults.go:728.16,730.3 1 0
stcontrol/internal/store/user_data_faults.go:731.15,733.3 1 0
stcontrol/internal/store/user_data_faults.go:731.2,731.15 1 2
stcontrol/internal/store/user_data_faults.go:734.2,741.75 1 2
stcontrol/internal/store/user_data_faults.go:741.75,743.3 1 0
stcontrol/internal/store/user_data_faults.go:744.2,744.20 1 2
stcontrol/internal/store/user_data_faults.go:752.9,754.85 1 3
stcontrol/internal/store/user_data_faults.go:754.85,756.3 1 1
stcontrol/internal/store/user_data_faults.go:757.18,759.3 1 0
stcontrol/internal/store/user_data_faults.go:757.2,757.18 1 2
stcontrol/internal/store/user_data_faults.go:760.2,772.16 2 2
stcontrol/internal/store/user_data_faults.go:772.16,774.3 1 1
stcontrol/internal/store/user_data_faults.go:775.2,776.16 2 1
stcontrol/internal/store/user_data_faults.go:776.16,778.3 1 0
stcontrol/internal/store/user_data_faults.go:779.15,781.3 1 0
stcontrol/internal/store/user_data_faults.go:779.2,779.15 1 1
stcontrol/internal/store/user_data_faults.go:782.2,782.12 1 1
stcontrol/internal/store/user_data_faults.go:785.99,790.26 3 7
stcontrol/internal/store/user_data_faults.go:790.26,792.3 1 2
stcontrol/internal/store/user_data_faults.go:793.16,795.3 1 0
stcontrol/internal/store/user_data_faults.go:793.2,793.16 1 5
stcontrol/internal/store/user_data_faults.go:796.2,796.35 1 5
stcontrol/internal/store/user_data_faults.go:796.35,798.3 1 0
stcontrol/internal/store/user_data_faults.go:799.2,799.12 1 5
stcontrol/internal/store/user_data_faults.go:808.9,810.41 1 4
stcontrol/internal/store/user_data_faults.go:810.41,812.3 1 0
stcontrol/internal/store/user_data_faults.go:813.2,822.16 2 4
stcontrol/internal/store/user_data_faults.go:822.16,824.3 1 0
stcontrol/internal/store/user_data_faults.go:825.2,826.16 2 4
stcontrol/internal/store/user_data_faults.go:826.16,828.3 1 0
stcontrol/internal/store/user_data_faults.go:829.15,831.3 1 1
stcontrol/internal/store/user_data_faults.go:829.2,829.15 1 4
stcontrol/internal/store/user_data_faults.go:832.15,834.3 1 0
stcontrol/internal/store/user_data_faults.go:832.2,832.15 1 4
stcontrol/internal/store/user_data_faults.go:835.2,838.69 1 4
stcontrol/internal/store/user_data_faults.go:838.69,840.3 1 0
stcontrol/internal/store/user_data_faults.go:841.2,841.12 1 4
stcontrol/internal/store/user_data_faults.go:92.95,109.16 7 122
stcontrol/internal/store/users.go:101.2,112.26 3 2
stcontrol/internal/store/users.go:112.26,114.3 1 0
stcontrol/internal/store/users.go:115.2,115.21 1 2
stcontrol/internal/store/users.go:12.64,14.16 2 54
stcontrol/internal/store/users.go:123.9,124.59 1 2
stcontrol/internal/store/users.go:124.59,126.3 1 0
stcontrol/internal/store/users.go:127.18,129.3 1 0
stcontrol/internal/store/users.go:127.2,127.18 1 2
stcontrol/internal/store/users.go:130.2,131.16 2 2
stcontrol/internal/store/users.go:131.16,133.3 1 0
stcontrol/internal/store/users.go:134.15,134.36 1 2
stcontrol/internal/store/users.go:134.2,134.15 1 2
stcontrol/internal/store/users.go:135.2,140.16 2 2
stcontrol/internal/store/users.go:14.16,16.3 1 0
stcontrol/internal/store/users.go:140.16,142.3 1 0
stcontrol/internal/store/users.go:143.2,143.65 1 2
stcontrol/internal/store/users.go:143.65,144.17 1 0
stcontrol/internal/store/users.go:144.17,146.4 1 0
stcontrol/internal/store/users.go:147.3,147.54 1 0
stcontrol/internal/store/users.go:149.109,151.3 1 0
stcontrol/internal/store/users.go:149.2,149.109 1 2
stcontrol/internal/store/users.go:152.136,154.3 1 0
stcontrol/internal/store/users.go:152.2,152.136 1 2
stcontrol/internal/store/users.go:155.2,155.20 1 2
stcontrol/internal/store/users.go:158.108,159.38 1 1
stcontrol/internal/store/users.go:159.38,161.3 1 0
stcontrol/internal/store/users.go:162.18,164.3 1 0
stcontrol/internal/store/users.go:162.2,162.18 1 1
stcontrol/internal/store/users.go:165.2,168.12 2 1
stcontrol/internal/store/users.go:17.15,17.36 1 54
stcontrol/internal/store/users.go:17.2,17.15 1 54
stcontrol/internal/store/users.go:171.106,172.23 1 2
stcontrol/internal/store/users.go:172.23,174.3 1 0
stcontrol/internal/store/users.go:175.2,181.16 2 2
stcontrol/internal/store/users.go:181.16,183.3 1 0
stcontrol/internal/store/users.go:184.2,186.18 3 2
stcontrol/internal/store/users.go:186.18,190.17 2 3
stcontrol/internal/store/users.go:19.2,27.16 2 54
stcontrol/internal/store/users.go:190.17,192.4 1 0
stcontrol/internal/store/users.go:193.3,193.39 1 3
stcontrol/internal/store/users.go:195.2,195.29 1 2
stcontrol/internal/store/users.go:198.120,199.31 1 5
stcontrol/internal/store/users.go:199.31,201.3 1 0
stcontrol/internal/store/users.go:202.18,204.3 1 0
stcontrol/internal/store/users.go:202.2,202.18 1 5
stcontrol/internal/store/users.go:205.2,216.16 2 5
stcontrol/internal/store/users.go:216.16,218.3 1 3
stcontrol/internal/store/users.go:219.2,221.18 3 2
stcontrol/internal/store/users.go:221.18,226.17 2 2
stcontrol/internal/store/users.go:226.17,228.4 1 0
stcontrol/internal/store/users.go:229.3,229.30 1 2
stcontrol/internal/store/users.go:231.2,231.26 1 2
stcontrol/internal/store/users.go:237.121,238.23 1 2
stcontrol/internal/store/users.go:238.23,240.3 1 1
stcontrol/internal/store/users.go:241.2,250.16 2 2
stcontrol/internal/store/users.go:250.16,252.3 1 0
stcontrol/internal/store/users.go:253.2,255.18 3 2
stcontrol/internal/store/users.go:255.18,260.17 2 1
stcontrol/internal/store/users.go:260.17,262.4 1 0
stcontrol/internal/store/users.go:263.3,263.30 1 1
stcontrol/internal/store/users.go:265.2,265.26 1 2
stcontrol/internal/store/users.go:269.88,281.26 3 15
stcontrol/internal/store/users.go:27.16,29.3 1 0
stcontrol/internal/store/users.go:281.26,283.3 1 0
stcontrol/internal/store/users.go:284.2,284.15 1 15
stcontrol/internal/store/users.go:288.94,301.26 3 7
stcontrol/internal/store/users.go:301.26,303.3 1 4
stcontrol/internal/store/users.go:304.2,304.15 1 3
stcontrol/internal/store/users.go:308.75,320.26 3 31
stcontrol/internal/store/users.go:31.2,34.85 1 54
stcontrol/internal/store/users.go:320.26,322.3 1 2
stcontrol/internal/store/users.go:323.2,323.15 1 29
stcontrol/internal/store/users.go:327.80,328.16 1 3
stcontrol/internal/store/users.go:328.16,330.3 1 1
stcontrol/internal/store/users.go:331.2,342.26 3 2
stcontrol/internal/store/users.go:34.85,36.3 1 0
stcontrol/internal/store/users.go:342.26,344.3 1 1
stcontrol/internal/store/users.go:345.2,345.15 1 1
stcontrol/internal/store/users.go:349.65,351.16 2 1
stcontrol/internal/store/users.go:351.16,353.3 1 0
stcontrol/internal/store/users.go:354.15,354.36 1 1
stcontrol/internal/store/users.go:354.2,354.15 1 1
stcontrol/internal/store/users.go:355.103,357.3 1 0
stcontrol/internal/store/users.go:355.2,355.103 1 1
stcontrol/internal/store/users.go:358.2,358.84 1 1
stcontrol/internal/store/users.go:358.84,360.3 1 0
stcontrol/internal/store/users.go:361.2,361.20 1 1
stcontrol/internal/store/users.go:365.82,368.2 2 1
stcontrol/internal/store/users.go:371.90,374.2 2 1
stcontrol/internal/store/users.go:38.2,40.34 3 54
stcontrol/internal/store/users.go:382.9,383.91 1 1
stcontrol/internal/store/users.go:383.91,385.3 1 0
stcontrol/internal/store/users.go:386.18,388.3 1 0
stcontrol/internal/store/users.go:386.2,386.18 1 1
stcontrol/internal/store/users.go:389.2,390.16 2 1
stcontrol/internal/store/users.go:390.16,392.3 1 0
stcontrol/internal/store/users.go:393.15,393.36 1 1
stcontrol/internal/store/users.go:393.2,393.15 1 1
stcontrol/internal/store/users.go:394.2,396.37 1 1
stcontrol/internal/store/users.go:396.37,398.3 1 0
stcontrol/internal/store/users.go:399.2,407.26 3 1
stcontrol/internal/store/users.go:40.34,41.28 1 51
stcontrol/internal/store/users.go:407.26,409.3 1 0
stcontrol/internal/store/users.go:41.28,43.4 1 1
stcontrol/internal/store/users.go:410.16,412.3 1 0
stcontrol/internal/store/users.go:410.2,410.16 1 1
stcontrol/internal/store/users.go:413.110,415.3 1 0
stcontrol/internal/store/users.go:413.2,413.110 1 1
stcontrol/internal/store/users.go:416.2,416.20 1 1
stcontrol/internal/store/users.go:425.9,428.2 2 3
stcontrol/internal/store/users.go:436.18,444.16 2 5
stcontrol/internal/store/users.go:44.3,44.39 1 51
stcontrol/internal/store/users.go:444.16,446.3 1 0
stcontrol/internal/store/users.go:447.2,447.81 1 5
stcontrol/internal/store/users.go:447.81,449.3 1 0
stcontrol/internal/store/users.go:45.8,46.49 1 3
stcontrol/internal/store/users.go:450.2,450.30 1 5
stcontrol/internal/store/users.go:454.65,459.16 2 1
stcontrol/internal/store/users.go:459.16,461.3 1 0
stcontrol/internal/store/users.go:46.49,48.4 1 0
stcontrol/internal/store/users.go:462.2,464.18 3 1
stcontrol/internal/store/users.go:464.18,467.109 2 5
stcontrol/internal/store/users.go:467.109,469.4 1 0
stcontrol/internal/store/users.go:470.3,470.23 1 5
stcontrol/internal/store/users.go:472.2,472.24 1 1
stcontrol/internal/store/users.go:49.3,49.37 1 3
stcontrol/internal/store/users.go:51.2,54.74 1 54
stcontrol/internal/store/users.go:54.74,56.3 1 0
stcontrol/internal/store/users.go:58.2,58.24 1 54
stcontrol/internal/store/users.go:58.24,60.31 2 53
stcontrol/internal/store/users.go:60.31,62.4 1 0
stcontrol/internal/store/users.go:63.3,65.103 1 53
stcontrol/internal/store/users.go:65.103,67.4 1 0
stcontrol/internal/store/users.go:69.2,69.20 1 54
stcontrol/internal/store/users.go:79.18,83.71 3 2
stcontrol/internal/store/users.go:83.71,85.3 1 0
stcontrol/internal/store/users.go:86.18,88.3 1 0
stcontrol/internal/store/users.go:86.2,86.18 1 2
stcontrol/internal/store/users.go:89.2,91.18 3 2
stcontrol/internal/store/users.go:91.18,94.3 2 1
stcontrol/internal/store/users.go:94.8,96.17 2 1
stcontrol/internal/store/users.go:96.17,98.4 1 0
stcontrol/internal/store/users.go:99.3,99.33 1 1
